This file contains any messages produced by compilers while
running configure, to aid debugging if configure makes a mistake.

It was created by MATIO configure 1.5.26, which was
generated by GNU Autoconf 2.71.  Invocation command line was

  $ ./configure

## --------- ##
## Platform. ##
## --------- ##

hostname = houji-virtual-machine
uname -m = x86_64
uname -r = 6.5.0-26-generic
uname -s = Linux
uname -v = #26~22.04.1-Ubuntu SMP PREEMPT_DYNAMIC Tue Mar 12 10:22:43 UTC 2

/usr/bin/uname -p = x86_64
/bin/uname -X     = unknown

/bin/arch              = x86_64
/usr/bin/arch -k       = unknown
/usr/convex/getsysinfo = unknown
/usr/bin/hostinfo      = unknown
/bin/machine           = unknown
/usr/bin/oslevel       = unknown
/bin/universe          = unknown

PATH: /home/houji/.vscode-server/bin/704ed70d4fd1c6bd6342c436f1ede30d1cff4710/bin/remote-cli/
PATH: /usr/local/sbin/
PATH: /usr/local/bin/
PATH: /usr/sbin/
PATH: /usr/bin/
PATH: /sbin/
PATH: /bin/
PATH: /usr/games/
PATH: /usr/local/games/
PATH: /snap/bin/


## ----------- ##
## Core tests. ##
## ----------- ##

configure:2768: looking for aux files: ltmain.sh compile config.guess config.sub missing install-sh
configure:2781:  trying ./config/
configure:2810:   ./config/ltmain.sh found
configure:2810:   ./config/compile found
configure:2810:   ./config/config.guess found
configure:2810:   ./config/config.sub found
configure:2810:   ./config/missing found
configure:2792:   ./config/install-sh found
configure:2942: checking for a BSD-compatible install
configure:3015: result: /usr/bin/install -c
configure:3026: checking whether build environment is sane
configure:3081: result: yes
configure:3240: checking for a race-free mkdir -p
configure:3284: result: /usr/bin/mkdir -p
configure:3291: checking for gawk
configure:3312: found /usr/bin/gawk
configure:3323: result: gawk
configure:3334: checking whether make sets $(MAKE)
configure:3357: result: yes
configure:3387: checking whether make supports nested variables
configure:3405: result: yes
configure:3553: checking whether make supports nested variables
configure:3571: result: yes
configure:3583: checking whether to enable maintainer-specific portions of Makefiles
configure:3593: result: no
configure:3613: checking build system type
configure:3628: result: x86_64-pc-linux-gnu
configure:3648: checking host system type
configure:3662: result: x86_64-pc-linux-gnu
configure:3775: checking for pgcc
configure:3810: result: no
configure:3775: checking for icc
configure:3810: result: no
configure:3775: checking for gcc
configure:3796: found /usr/bin/gcc
configure:3807: result: gcc
configure:3838: checking for C compiler version
configure:3847: gcc --version >&5
gcc (Ubuntu 11.4.0-1ubuntu1~22.04) 11.4.0
Copyright (C) 2021 Free Software Foundation, Inc.
This is free software; see the source for copying conditions.  There is NO
warranty; not even for MERCHANTABILITY or FITNESS FOR A PARTICULAR PURPOSE.

configure:3858: $? = 0
configure:3847: gcc -v >&5
Using built-in specs.
COLLECT_GCC=gcc
COLLECT_LTO_WRAPPER=/usr/lib/gcc/x86_64-linux-gnu/11/lto-wrapper
OFFLOAD_TARGET_NAMES=nvptx-none:amdgcn-amdhsa
OFFLOAD_TARGET_DEFAULT=1
Target: x86_64-linux-gnu
Configured with: ../src/configure -v --with-pkgversion='Ubuntu 11.4.0-1ubuntu1~22.04' --with-bugurl=file:///usr/share/doc/gcc-11/README.Bugs --enable-languages=c,ada,c++,go,brig,d,fortran,objc,obj-c++,m2 --prefix=/usr --with-gcc-major-version-only --program-suffix=-11 --program-prefix=x86_64-linux-gnu- --enable-shared --enable-linker-build-id --libexecdir=/usr/lib --without-included-gettext --enable-threads=posix --libdir=/usr/lib --enable-nls --enable-bootstrap --enable-clocale=gnu --enable-libstdcxx-debug --enable-libstdcxx-time=yes --with-default-libstdcxx-abi=new --enable-gnu-unique-object --disable-vtable-verify --enable-plugin --enable-default-pie --with-system-zlib --enable-libphobos-checking=release --with-target-system-zlib=auto --enable-objc-gc=auto --enable-multiarch --disable-werror --enable-cet --with-arch-32=i686 --with-abi=m64 --with-multilib-list=m32,m64,mx32 --enable-multilib --with-tune=generic --enable-offload-targets=nvptx-none=/build/gcc-11-XeT9lY/gcc-11-11.4.0/debian/tmp-nvptx/usr,amdgcn-amdhsa=/build/gcc-11-XeT9lY/gcc-11-11.4.0/debian/tmp-gcn/usr --without-cuda-driver --enable-checking=release --build=x86_64-linux-gnu --host=x86_64-linux-gnu --target=x86_64-linux-gnu --with-build-config=bootstrap-lto-lean --enable-link-serialization=2
Thread model: posix
Supported LTO compression algorithms: zlib zstd
gcc version 11.4.0 (Ubuntu 11.4.0-1ubuntu1~22.04) 
... rest of stderr output deleted ...
configure:3858: $? = 0
configure:3847: gcc -V >&5
gcc: error: unrecognized command-line option '-V'
gcc: fatal error: no input files
compilation terminated.
configure:3858: $? = 1
configure:3847: gcc -qversion >&5
gcc: error: unrecognized command-line option '-qversion'; did you mean '--version'?
gcc: fatal error: no input files
compilation terminated.
configure:3858: $? = 1
configure:3847: gcc -version >&5
gcc: error: unrecognized command-line option '-version'
gcc: fatal error: no input files
compilation terminated.
configure:3858: $? = 1
configure:3878: checking whether the C compiler works
configure:3900: gcc    conftest.c  >&5
configure:3904: $? = 0
configure:3954: result: yes
configure:3957: checking for C compiler default output file name
configure:3959: result: a.out
configure:3965: checking for suffix of executables
configure:3972: gcc -o conftest    conftest.c  >&5
configure:3976: $? = 0
configure:3999: result: 
configure:4021: checking whether we are cross compiling
configure:4029: gcc -o conftest    conftest.c  >&5
configure:4033: $? = 0
configure:4040: ./conftest
configure:4044: $? = 0
configure:4059: result: no
configure:4064: checking for suffix of object files
configure:4087: gcc -c   conftest.c >&5
configure:4091: $? = 0
configure:4113: result: o
configure:4117: checking whether the compiler supports GNU C
configure:4137: gcc -c   conftest.c >&5
configure:4137: $? = 0
configure:4147: result: yes
configure:4158: checking whether gcc accepts -g
configure:4179: gcc -c -g  conftest.c >&5
configure:4179: $? = 0
configure:4223: result: yes
configure:4243: checking for gcc option to enable C11 features
configure:4258: gcc  -c -g -O2  conftest.c >&5
configure:4258: $? = 0
configure:4276: result: none needed
configure:4392: checking whether gcc understands -c and -o together
configure:4415: gcc -c conftest.c -o conftest2.o
configure:4418: $? = 0
configure:4415: gcc -c conftest.c -o conftest2.o
configure:4418: $? = 0
configure:4430: result: yes
configure:4452: checking for stdio.h
configure:4452: gcc -c -g -O2  conftest.c >&5
configure:4452: $? = 0
configure:4452: result: yes
configure:4452: checking for stdlib.h
configure:4452: gcc -c -g -O2  conftest.c >&5
configure:4452: $? = 0
configure:4452: result: yes
configure:4452: checking for string.h
configure:4452: gcc -c -g -O2  conftest.c >&5
configure:4452: $? = 0
configure:4452: result: yes
configure:4452: checking for inttypes.h
configure:4452: gcc -c -g -O2  conftest.c >&5
configure:4452: $? = 0
configure:4452: result: yes
configure:4452: checking for stdint.h
configure:4452: gcc -c -g -O2  conftest.c >&5
configure:4452: $? = 0
configure:4452: result: yes
configure:4452: checking for strings.h
configure:4452: gcc -c -g -O2  conftest.c >&5
configure:4452: $? = 0
configure:4452: result: yes
configure:4452: checking for sys/stat.h
configure:4452: gcc -c -g -O2  conftest.c >&5
configure:4452: $? = 0
configure:4452: result: yes
configure:4452: checking for sys/types.h
configure:4452: gcc -c -g -O2  conftest.c >&5
configure:4452: $? = 0
configure:4452: result: yes
configure:4452: checking for unistd.h
configure:4452: gcc -c -g -O2  conftest.c >&5
configure:4452: $? = 0
configure:4452: result: yes
configure:4452: checking for wchar.h
configure:4452: gcc -c -g -O2  conftest.c >&5
configure:4452: $? = 0
configure:4452: result: yes
configure:4452: checking for minix/config.h
configure:4452: gcc -c -g -O2  conftest.c >&5
conftest.c:55:10: fatal error: minix/config.h: No such file or directory
   55 | #include <minix/config.h>
      |          ^~~~~~~~~~~~~~~~
compilation terminated.
configure:4452: $? = 1
configure: failed program was:
| /* confdefs.h */
| #define PACKAGE_NAME "MATIO"
| #define PACKAGE_TARNAME "matio"
| #define PACKAGE_VERSION "1.5.26"
| #define PACKAGE_STRING "MATIO 1.5.26"
| #define PACKAGE_BUGREPORT "t-beu@users.sourceforge.net"
| #define PACKAGE_URL "https://sourceforge.net/projects/matio"
| #define PACKAGE "matio"
| #define VERSION "1.5.26"
| #define MATIO_PLATFORM "x86_64-pc-linux-gnu"
| #define MATIO_MAJOR_VERSION 1
| #define MATIO_MINOR_VERSION 5
| #define MATIO_RELEASE_LEVEL 26
| #define MATIO_VERSION 1526
| #define MATIO_VERSION_STR "1.5.26"
| #define HAVE_STDIO_H 1
| #define HAVE_STDLIB_H 1
| #define HAVE_STRING_H 1
| #define HAVE_INTTYPES_H 1
| #define HAVE_STDINT_H 1
| #define HAVE_STRINGS_H 1
| #define HAVE_SYS_STAT_H 1
| #define HAVE_SYS_TYPES_H 1
| #define HAVE_UNISTD_H 1
| #define HAVE_WCHAR_H 1
| /* end confdefs.h.  */
| #include <stddef.h>
| #ifdef HAVE_STDIO_H
| # include <stdio.h>
| #endif
| #ifdef HAVE_STDLIB_H
| # include <stdlib.h>
| #endif
| #ifdef HAVE_STRING_H
| # include <string.h>
| #endif
| #ifdef HAVE_INTTYPES_H
| # include <inttypes.h>
| #endif
| #ifdef HAVE_STDINT_H
| # include <stdint.h>
| #endif
| #ifdef HAVE_STRINGS_H
| # include <strings.h>
| #endif
| #ifdef HAVE_SYS_TYPES_H
| # include <sys/types.h>
| #endif
| #ifdef HAVE_SYS_STAT_H
| # include <sys/stat.h>
| #endif
| #ifdef HAVE_UNISTD_H
| # include <unistd.h>
| #endif
| #include <minix/config.h>
configure:4452: result: no
configure:4452: checking for stdarg.h
configure:4452: gcc -c -g -O2  conftest.c >&5
configure:4452: $? = 0
configure:4452: result: yes
configure:4452: checking for varargs.h
configure:4452: gcc -c -g -O2  conftest.c >&5
In file included from conftest.c:56:
/usr/lib/gcc/x86_64-linux-gnu/11/include/varargs.h:4:2: error: #error "GCC no longer implements <varargs.h>."
    4 | #error "GCC no longer implements <varargs.h>."
      |  ^~~~~
/usr/lib/gcc/x86_64-linux-gnu/11/include/varargs.h:5:2: error: #error "Revise your code to use <stdarg.h>."
    5 | #error "Revise your code to use <stdarg.h>."
      |  ^~~~~
configure:4452: $? = 1
configure: failed program was:
| /* confdefs.h */
| #define PACKAGE_NAME "MATIO"
| #define PACKAGE_TARNAME "matio"
| #define PACKAGE_VERSION "1.5.26"
| #define PACKAGE_STRING "MATIO 1.5.26"
| #define PACKAGE_BUGREPORT "t-beu@users.sourceforge.net"
| #define PACKAGE_URL "https://sourceforge.net/projects/matio"
| #define PACKAGE "matio"
| #define VERSION "1.5.26"
| #define MATIO_PLATFORM "x86_64-pc-linux-gnu"
| #define MATIO_MAJOR_VERSION 1
| #define MATIO_MINOR_VERSION 5
| #define MATIO_RELEASE_LEVEL 26
| #define MATIO_VERSION 1526
| #define MATIO_VERSION_STR "1.5.26"
| #define HAVE_STDIO_H 1
| #define HAVE_STDLIB_H 1
| #define HAVE_STRING_H 1
| #define HAVE_INTTYPES_H 1
| #define HAVE_STDINT_H 1
| #define HAVE_STRINGS_H 1
| #define HAVE_SYS_STAT_H 1
| #define HAVE_SYS_TYPES_H 1
| #define HAVE_UNISTD_H 1
| #define HAVE_WCHAR_H 1
| #define HAVE_STDARG_H 1
| /* end confdefs.h.  */
| #include <stddef.h>
| #ifdef HAVE_STDIO_H
| # include <stdio.h>
| #endif
| #ifdef HAVE_STDLIB_H
| # include <stdlib.h>
| #endif
| #ifdef HAVE_STRING_H
| # include <string.h>
| #endif
| #ifdef HAVE_INTTYPES_H
| # include <inttypes.h>
| #endif
| #ifdef HAVE_STDINT_H
| # include <stdint.h>
| #endif
| #ifdef HAVE_STRINGS_H
| # include <strings.h>
| #endif
| #ifdef HAVE_SYS_TYPES_H
| # include <sys/types.h>
| #endif
| #ifdef HAVE_SYS_STAT_H
| # include <sys/stat.h>
| #endif
| #ifdef HAVE_UNISTD_H
| # include <unistd.h>
| #endif
| #include <varargs.h>
configure:4452: result: no
configure:4483: checking whether it is safe to define __EXTENSIONS__
configure:4502: gcc -c -g -O2  conftest.c >&5
configure:4502: $? = 0
configure:4510: result: yes
configure:4513: checking whether _XOPEN_SOURCE should be defined
configure:4535: gcc -c -g -O2  conftest.c >&5
configure:4535: $? = 0
configure:4562: result: no
configure:4634: checking debug mode
configure:4638: result: no
configure:4660: checking profile mode
configure:4664: result: no
configure:4818: checking how to print strings
configure:4845: result: printf
configure:4866: checking for a sed that does not truncate output
configure:4936: result: /usr/bin/sed
configure:4954: checking for grep that handles long lines and -e
configure:5018: result: /usr/bin/grep
configure:5023: checking for egrep
configure:5091: result: /usr/bin/grep -E
configure:5096: checking for fgrep
configure:5164: result: /usr/bin/grep -F
configure:5200: checking for ld used by gcc
configure:5268: result: /usr/bin/ld
configure:5275: checking if the linker (/usr/bin/ld) is GNU ld
configure:5291: result: yes
configure:5303: checking for BSD- or MS-compatible name lister (nm)
configure:5358: result: /usr/bin/nm -B
configure:5498: checking the name lister (/usr/bin/nm -B) interface
configure:5506: gcc -c  -g -O2  conftest.c >&5
configure:5509: /usr/bin/nm -B "conftest.o"
configure:5512: output
0000000000000000 B some_variable
configure:5519: result: BSD nm
configure:5522: checking whether ln -s works
configure:5526: result: yes
configure:5534: checking the maximum length of command line arguments
configure:5666: result: 1572864
configure:5714: checking how to convert x86_64-pc-linux-gnu file names to x86_64-pc-linux-gnu format
configure:5755: result: func_convert_file_noop
configure:5762: checking how to convert x86_64-pc-linux-gnu file names to toolchain format
configure:5783: result: func_convert_file_noop
configure:5790: checking for /usr/bin/ld option to reload object files
configure:5798: result: -r
configure:5877: checking for objdump
configure:5898: found /usr/bin/objdump
configure:5909: result: objdump
configure:5941: checking how to recognize dependent libraries
configure:6142: result: pass_all
configure:6232: checking for dlltool
configure:6267: result: no
configure:6297: checking how to associate runtime and link libraries
configure:6325: result: printf %s\n
configure:6390: checking for ar
configure:6411: found /usr/bin/ar
configure:6422: result: ar
configure:6459: checking for archiver @FILE support
configure:6477: gcc -c  -g -O2  conftest.c >&5
configure:6477: $? = 0
configure:6481: ar cr libconftest.a @conftest.lst >&5
configure:6484: $? = 0
configure:6489: ar cr libconftest.a @conftest.lst >&5
ar: conftest.o: No such file or directory
configure:6492: $? = 1
configure:6504: result: @
configure:6567: checking for strip
configure:6588: found /usr/bin/strip
configure:6599: result: strip
configure:6676: checking for ranlib
configure:6697: found /usr/bin/ranlib
configure:6708: result: ranlib
configure:6810: checking command to parse /usr/bin/nm -B output from gcc object
configure:6964: gcc -c  -g -O2  conftest.c >&5
configure:6967: $? = 0
configure:6971: /usr/bin/nm -B conftest.o | sed -n -e 's/^.*[	 ]\([ABCDGIRSTW][ABCDGIRSTW]*\)[	 ][	 ]*\([_A-Za-z][_A-Za-z0-9]*\)$/\1 \2 \2/p' | sed '/ __gnu_lto/d' > conftest.nm
configure:7037: gcc -o conftest  -g -O2   conftest.c conftstm.o >&5
configure:7040: $? = 0
configure:7078: result: ok
configure:7125: checking for sysroot
configure:7156: result: no
configure:7163: checking for a working dd
configure:7207: result: /usr/bin/dd
configure:7211: checking how to truncate binary pipes
configure:7227: result: /usr/bin/dd bs=4096 count=1
configure:7364: gcc -c  -g -O2  conftest.c >&5
configure:7367: $? = 0
configure:7564: checking for mt
configure:7585: found /usr/bin/mt
configure:7596: result: mt
configure:7619: checking if mt is a manifest tool
configure:7626: mt '-?'
configure:7634: result: no
configure:8360: checking for dlfcn.h
configure:8360: gcc -c  -g -O2  conftest.c >&5
configure:8360: $? = 0
configure:8360: result: yes
configure:8557: checking for objdir
configure:8573: result: .libs
configure:8837: checking if gcc supports -fno-rtti -fno-exceptions
configure:8856: gcc -c  -g -O2  -fno-rtti -fno-exceptions conftest.c >&5
cc1: warning: command-line option '-fno-rtti' is valid for C++/D/ObjC++ but not for C
configure:8860: $? = 0
configure:8873: result: no
configure:9237: checking for gcc option to produce PIC
configure:9245: result: -fPIC -DPIC
configure:9253: checking if gcc PIC flag -fPIC -DPIC works
configure:9272: gcc -c  -g -O2  -fPIC -DPIC -DPIC conftest.c >&5
configure:9276: $? = 0
configure:9289: result: yes
configure:9318: checking if gcc static flag -static works
configure:9347: result: yes
configure:9362: checking if gcc supports -c -o file.o
configure:9384: gcc -c  -g -O2  -o out/conftest2.o conftest.c >&5
configure:9388: $? = 0
configure:9410: result: yes
configure:9418: checking if gcc supports -c -o file.o
configure:9466: result: yes
configure:9499: checking whether the gcc linker (/usr/bin/ld -m elf_x86_64) supports shared libraries
configure:10769: result: yes
configure:10806: checking whether -lc should be explicitly linked in
configure:10815: gcc -c  -g -O2  conftest.c >&5
configure:10818: $? = 0
configure:10833: gcc -shared  -fPIC -DPIC conftest.o  -v -Wl,-soname -Wl,conftest -o conftest 2\>\&1 \| /usr/bin/grep  -lc  \>/dev/null 2\>\&1
configure:10836: $? = 0
configure:10850: result: no
configure:11010: checking dynamic linker characteristics
configure:11592: gcc -o conftest  -g -O2   -Wl,-rpath -Wl,/foo conftest.c  >&5
configure:11592: $? = 0
configure:11843: result: GNU/Linux ld.so
configure:11965: checking how to hardcode library paths into programs
configure:11990: result: immediate
configure:12542: checking whether stripping libraries is possible
configure:12547: result: yes
configure:12582: checking if libtool supports shared libraries
configure:12584: result: yes
configure:12587: checking whether to build shared libraries
configure:12612: result: yes
configure:12615: checking whether to build static libraries
configure:12619: result: yes
configure:12657: checking whether make sets $(MAKE)
configure:12680: result: yes
configure:12691: checking for grep that handles long lines and -e
configure:12755: result: /usr/bin/grep
configure:12769: checking for special C compiler options needed for large files
configure:12817: result: no
configure:12823: checking for _FILE_OFFSET_BITS value needed for large files
configure:12849: gcc -c  -g -O2  conftest.c >&5
configure:12849: $? = 0
configure:12883: result: no
configure:12965: checking for large file support in 32-bit OS
configure:12975: result: yes
configure:12981: checking for fseeko
configure:12981: gcc -o conftest  -g -O2   conftest.c  >&5
configure:12981: $? = 0
configure:12981: result: yes
configure:12988: checking for ftello
configure:12988: gcc -o conftest  -g -O2   conftest.c  >&5
configure:12988: $? = 0
configure:12988: result: yes
configure:12995: checking for fseeko64
configure:12995: gcc -o conftest  -g -O2   conftest.c  >&5
configure:12995: $? = 0
configure:12995: result: yes
configure:13002: checking for ftello64
configure:13002: gcc -o conftest  -g -O2   conftest.c  >&5
configure:13002: $? = 0
configure:13002: result: yes
configure:13009: checking for _fseeki64
configure:13009: gcc -o conftest  -g -O2   conftest.c  >&5
/usr/bin/ld: /tmp/cc3yZO0G.o: in function `main':
/home/houji/桌面/SP-task/matio-1.5.26/conftest.c:82: undefined reference to `_fseeki64'
collect2: error: ld returned 1 exit status
configure:13009: $? = 1
configure: failed program was:
| /* confdefs.h */
| #define PACKAGE_NAME "MATIO"
| #define PACKAGE_TARNAME "matio"
| #define PACKAGE_VERSION "1.5.26"
| #define PACKAGE_STRING "MATIO 1.5.26"
| #define PACKAGE_BUGREPORT "t-beu@users.sourceforge.net"
| #define PACKAGE_URL "https://sourceforge.net/projects/matio"
| #define PACKAGE "matio"
| #define VERSION "1.5.26"
| #define MATIO_PLATFORM "x86_64-pc-linux-gnu"
| #define MATIO_MAJOR_VERSION 1
| #define MATIO_MINOR_VERSION 5
| #define MATIO_RELEASE_LEVEL 26
| #define MATIO_VERSION 1526
| #define MATIO_VERSION_STR "1.5.26"
| #define HAVE_STDIO_H 1
| #define HAVE_STDLIB_H 1
| #define HAVE_STRING_H 1
| #define HAVE_INTTYPES_H 1
| #define HAVE_STDINT_H 1
| #define HAVE_STRINGS_H 1
| #define HAVE_SYS_STAT_H 1
| #define HAVE_SYS_TYPES_H 1
| #define HAVE_UNISTD_H 1
| #define HAVE_WCHAR_H 1
| #define HAVE_STDARG_H 1
| #define STDC_HEADERS 1
| #define _ALL_SOURCE 1
| #define _DARWIN_C_SOURCE 1
| #define _GNU_SOURCE 1
| #define _HPUX_ALT_XOPEN_SOCKET_API 1
| #define _NETBSD_SOURCE 1
| #define _OPENBSD_SOURCE 1
| #define _POSIX_PTHREAD_SEMANTICS 1
| #define __STDC_WANT_IEC_60559_ATTRIBS_EXT__ 1
| #define __STDC_WANT_IEC_60559_BFP_EXT__ 1
| #define __STDC_WANT_IEC_60559_DFP_EXT__ 1
| #define __STDC_WANT_IEC_60559_FUNCS_EXT__ 1
| #define __STDC_WANT_IEC_60559_TYPES_EXT__ 1
| #define __STDC_WANT_LIB_EXT2__ 1
| #define __STDC_WANT_MATH_SPEC_FUNCS__ 1
| #define _TANDEM_SOURCE 1
| #define __EXTENSIONS__ 1
| #define NODEBUG /**/
| #define NODEBUG /**/
| #define HAVE_DLFCN_H 1
| #define LT_OBJDIR ".libs/"
| #define _LARGEFILE64_SOURCE 1
| #define _FILE_OFFSET_BITS 64
| #define HAVE_FSEEKO 1
| #define HAVE_FTELLO 1
| #define HAVE_FSEEKO64 1
| #define HAVE_FTELLO64 1
| /* end confdefs.h.  */
| /* Define _fseeki64 to an innocuous variant, in case <limits.h> declares _fseeki64.
|    For example, HP-UX 11i <limits.h> declares gettimeofday.  */
| #define _fseeki64 innocuous__fseeki64
| 
| /* System header to define __stub macros and hopefully few prototypes,
|    which can conflict with char _fseeki64 (); below.  */
| 
| #include <limits.h>
| #undef _fseeki64
| 
| /* Override any GCC internal prototype to avoid an error.
|    Use char because int might match the return type of a GCC
|    builtin and then its argument prototype would still apply.  */
| #ifdef __cplusplus
| extern "C"
| #endif
| char _fseeki64 ();
| /* The GNU C library defines this for functions which it implements
|     to always fail with ENOSYS.  Some functions are actually named
|     something starting with __ and the normal name is an alias.  */
| #if defined __stub__fseeki64 || defined __stub____fseeki64
| choke me
| #endif
| 
| int
| main (void)
| {
| return _fseeki64 ();
|   ;
|   return 0;
| }
configure:13009: result: no
configure:13016: checking for _ftelli64
configure:13016: gcc -o conftest  -g -O2   conftest.c  >&5
/usr/bin/ld: /tmp/ccARZlqH.o: in function `main':
/home/houji/桌面/SP-task/matio-1.5.26/conftest.c:82: undefined reference to `_ftelli64'
collect2: error: ld returned 1 exit status
configure:13016: $? = 1
configure: failed program was:
| /* confdefs.h */
| #define PACKAGE_NAME "MATIO"
| #define PACKAGE_TARNAME "matio"
| #define PACKAGE_VERSION "1.5.26"
| #define PACKAGE_STRING "MATIO 1.5.26"
| #define PACKAGE_BUGREPORT "t-beu@users.sourceforge.net"
| #define PACKAGE_URL "https://sourceforge.net/projects/matio"
| #define PACKAGE "matio"
| #define VERSION "1.5.26"
| #define MATIO_PLATFORM "x86_64-pc-linux-gnu"
| #define MATIO_MAJOR_VERSION 1
| #define MATIO_MINOR_VERSION 5
| #define MATIO_RELEASE_LEVEL 26
| #define MATIO_VERSION 1526
| #define MATIO_VERSION_STR "1.5.26"
| #define HAVE_STDIO_H 1
| #define HAVE_STDLIB_H 1
| #define HAVE_STRING_H 1
| #define HAVE_INTTYPES_H 1
| #define HAVE_STDINT_H 1
| #define HAVE_STRINGS_H 1
| #define HAVE_SYS_STAT_H 1
| #define HAVE_SYS_TYPES_H 1
| #define HAVE_UNISTD_H 1
| #define HAVE_WCHAR_H 1
| #define HAVE_STDARG_H 1
| #define STDC_HEADERS 1
| #define _ALL_SOURCE 1
| #define _DARWIN_C_SOURCE 1
| #define _GNU_SOURCE 1
| #define _HPUX_ALT_XOPEN_SOCKET_API 1
| #define _NETBSD_SOURCE 1
| #define _OPENBSD_SOURCE 1
| #define _POSIX_PTHREAD_SEMANTICS 1
| #define __STDC_WANT_IEC_60559_ATTRIBS_EXT__ 1
| #define __STDC_WANT_IEC_60559_BFP_EXT__ 1
| #define __STDC_WANT_IEC_60559_DFP_EXT__ 1
| #define __STDC_WANT_IEC_60559_FUNCS_EXT__ 1
| #define __STDC_WANT_IEC_60559_TYPES_EXT__ 1
| #define __STDC_WANT_LIB_EXT2__ 1
| #define __STDC_WANT_MATH_SPEC_FUNCS__ 1
| #define _TANDEM_SOURCE 1
| #define __EXTENSIONS__ 1
| #define NODEBUG /**/
| #define NODEBUG /**/
| #define HAVE_DLFCN_H 1
| #define LT_OBJDIR ".libs/"
| #define _LARGEFILE64_SOURCE 1
| #define _FILE_OFFSET_BITS 64
| #define HAVE_FSEEKO 1
| #define HAVE_FTELLO 1
| #define HAVE_FSEEKO64 1
| #define HAVE_FTELLO64 1
| /* end confdefs.h.  */
| /* Define _ftelli64 to an innocuous variant, in case <limits.h> declares _ftelli64.
|    For example, HP-UX 11i <limits.h> declares gettimeofday.  */
| #define _ftelli64 innocuous__ftelli64
| 
| /* System header to define __stub macros and hopefully few prototypes,
|    which can conflict with char _ftelli64 (); below.  */
| 
| #include <limits.h>
| #undef _ftelli64
| 
| /* Override any GCC internal prototype to avoid an error.
|    Use char because int might match the return type of a GCC
|    builtin and then its argument prototype would still apply.  */
| #ifdef __cplusplus
| extern "C"
| #endif
| char _ftelli64 ();
| /* The GNU C library defines this for functions which it implements
|     to always fail with ENOSYS.  Some functions are actually named
|     something starting with __ and the normal name is an alias.  */
| #if defined __stub__ftelli64 || defined __stub____ftelli64
| choke me
| #endif
| 
| int
| main (void)
| {
| return _ftelli64 ();
|   ;
|   return 0;
| }
configure:13016: result: no
configure:13025: checking for pow in -lm
configure:13048: gcc -o conftest  -g -O2   conftest.c -lm   >&5
conftest.c:59:6: warning: conflicting types for built-in function 'pow'; expected 'double(double,  double)' [-Wbuiltin-declaration-mismatch]
   59 | char pow ();
      |      ^~~
conftest.c:1:1: note: 'pow' is declared in header '<math.h>'
    1 | /* confdefs.h */
configure:13048: $? = 0
configure:13058: result: yes
configure:13076: checking for inttypes.h
configure:13076: result: yes
configure:13084: checking for stdint.h
configure:13084: result: yes
configure:13092: checking for intsafe.h
configure:13092: gcc -c  -g -O2  conftest.c >&5
conftest.c:86:10: fatal error: intsafe.h: No such file or directory
   86 | #include <intsafe.h>
      |          ^~~~~~~~~~~
compilation terminated.
configure:13092: $? = 1
configure: failed program was:
| /* confdefs.h */
| #define PACKAGE_NAME "MATIO"
| #define PACKAGE_TARNAME "matio"
| #define PACKAGE_VERSION "1.5.26"
| #define PACKAGE_STRING "MATIO 1.5.26"
| #define PACKAGE_BUGREPORT "t-beu@users.sourceforge.net"
| #define PACKAGE_URL "https://sourceforge.net/projects/matio"
| #define PACKAGE "matio"
| #define VERSION "1.5.26"
| #define MATIO_PLATFORM "x86_64-pc-linux-gnu"
| #define MATIO_MAJOR_VERSION 1
| #define MATIO_MINOR_VERSION 5
| #define MATIO_RELEASE_LEVEL 26
| #define MATIO_VERSION 1526
| #define MATIO_VERSION_STR "1.5.26"
| #define HAVE_STDIO_H 1
| #define HAVE_STDLIB_H 1
| #define HAVE_STRING_H 1
| #define HAVE_INTTYPES_H 1
| #define HAVE_STDINT_H 1
| #define HAVE_STRINGS_H 1
| #define HAVE_SYS_STAT_H 1
| #define HAVE_SYS_TYPES_H 1
| #define HAVE_UNISTD_H 1
| #define HAVE_WCHAR_H 1
| #define HAVE_STDARG_H 1
| #define STDC_HEADERS 1
| #define _ALL_SOURCE 1
| #define _DARWIN_C_SOURCE 1
| #define _GNU_SOURCE 1
| #define _HPUX_ALT_XOPEN_SOCKET_API 1
| #define _NETBSD_SOURCE 1
| #define _OPENBSD_SOURCE 1
| #define _POSIX_PTHREAD_SEMANTICS 1
| #define __STDC_WANT_IEC_60559_ATTRIBS_EXT__ 1
| #define __STDC_WANT_IEC_60559_BFP_EXT__ 1
| #define __STDC_WANT_IEC_60559_DFP_EXT__ 1
| #define __STDC_WANT_IEC_60559_FUNCS_EXT__ 1
| #define __STDC_WANT_IEC_60559_TYPES_EXT__ 1
| #define __STDC_WANT_LIB_EXT2__ 1
| #define __STDC_WANT_MATH_SPEC_FUNCS__ 1
| #define _TANDEM_SOURCE 1
| #define __EXTENSIONS__ 1
| #define NODEBUG /**/
| #define NODEBUG /**/
| #define HAVE_DLFCN_H 1
| #define LT_OBJDIR ".libs/"
| #define _LARGEFILE64_SOURCE 1
| #define _FILE_OFFSET_BITS 64
| #define HAVE_FSEEKO 1
| #define HAVE_FTELLO 1
| #define HAVE_FSEEKO64 1
| #define HAVE_FTELLO64 1
| #define HAVE_LIBM 1
| #define MATIO_HAVE_INTTYPES_H 1
| #define MATIO_HAVE_STDINT_H 1
| /* end confdefs.h.  */
| #include <stddef.h>
| #ifdef HAVE_STDIO_H
| # include <stdio.h>
| #endif
| #ifdef HAVE_STDLIB_H
| # include <stdlib.h>
| #endif
| #ifdef HAVE_STRING_H
| # include <string.h>
| #endif
| #ifdef HAVE_INTTYPES_H
| # include <inttypes.h>
| #endif
| #ifdef HAVE_STDINT_H
| # include <stdint.h>
| #endif
| #ifdef HAVE_STRINGS_H
| # include <strings.h>
| #endif
| #ifdef HAVE_SYS_TYPES_H
| # include <sys/types.h>
| #endif
| #ifdef HAVE_SYS_STAT_H
| # include <sys/stat.h>
| #endif
| #ifdef HAVE_UNISTD_H
| # include <unistd.h>
| #endif
| #include <intsafe.h>
configure:13092: result: no
configure:13100: checking for strings.h
configure:13100: result: yes
configure:13108: checking for unistd.h
configure:13108: result: yes
configure:13116: checking for locale.h
configure:13116: gcc -c  -g -O2  conftest.c >&5
configure:13116: $? = 0
configure:13116: result: yes
configure:13122: checking for stddef.h
configure:13122: gcc -c  -g -O2  conftest.c >&5
configure:13122: $? = 0
configure:13122: result: yes
configure:13129: checking for struct lconv.decimal_point
configure:13129: gcc -c  -g -O2  conftest.c >&5
configure:13129: $? = 0
configure:13129: result: yes
configure:13138: checking for struct lconv.thousands_sep
configure:13138: gcc -c  -g -O2  conftest.c >&5
configure:13138: $? = 0
configure:13138: result: yes
configure:13149: checking for ptrdiff_t
configure:13149: gcc -c  -g -O2  conftest.c >&5
configure:13149: $? = 0
configure:13149: gcc -c  -g -O2  conftest.c >&5
conftest.c: In function 'main':
conftest.c:95:24: error: expected expression before ')' token
   95 | if (sizeof ((ptrdiff_t)))
      |                        ^
configure:13149: $? = 1
configure: failed program was:
| /* confdefs.h */
| #define PACKAGE_NAME "MATIO"
| #define PACKAGE_TARNAME "matio"
| #define PACKAGE_VERSION "1.5.26"
| #define PACKAGE_STRING "MATIO 1.5.26"
| #define PACKAGE_BUGREPORT "t-beu@users.sourceforge.net"
| #define PACKAGE_URL "https://sourceforge.net/projects/matio"
| #define PACKAGE "matio"
| #define VERSION "1.5.26"
| #define MATIO_PLATFORM "x86_64-pc-linux-gnu"
| #define MATIO_MAJOR_VERSION 1
| #define MATIO_MINOR_VERSION 5
| #define MATIO_RELEASE_LEVEL 26
| #define MATIO_VERSION 1526
| #define MATIO_VERSION_STR "1.5.26"
| #define HAVE_STDIO_H 1
| #define HAVE_STDLIB_H 1
| #define HAVE_STRING_H 1
| #define HAVE_INTTYPES_H 1
| #define HAVE_STDINT_H 1
| #define HAVE_STRINGS_H 1
| #define HAVE_SYS_STAT_H 1
| #define HAVE_SYS_TYPES_H 1
| #define HAVE_UNISTD_H 1
| #define HAVE_WCHAR_H 1
| #define HAVE_STDARG_H 1
| #define STDC_HEADERS 1
| #define _ALL_SOURCE 1
| #define _DARWIN_C_SOURCE 1
| #define _GNU_SOURCE 1
| #define _HPUX_ALT_XOPEN_SOCKET_API 1
| #define _NETBSD_SOURCE 1
| #define _OPENBSD_SOURCE 1
| #define _POSIX_PTHREAD_SEMANTICS 1
| #define __STDC_WANT_IEC_60559_ATTRIBS_EXT__ 1
| #define __STDC_WANT_IEC_60559_BFP_EXT__ 1
| #define __STDC_WANT_IEC_60559_DFP_EXT__ 1
| #define __STDC_WANT_IEC_60559_FUNCS_EXT__ 1
| #define __STDC_WANT_IEC_60559_TYPES_EXT__ 1
| #define __STDC_WANT_LIB_EXT2__ 1
| #define __STDC_WANT_MATH_SPEC_FUNCS__ 1
| #define _TANDEM_SOURCE 1
| #define __EXTENSIONS__ 1
| #define NODEBUG /**/
| #define NODEBUG /**/
| #define HAVE_DLFCN_H 1
| #define LT_OBJDIR ".libs/"
| #define _LARGEFILE64_SOURCE 1
| #define _FILE_OFFSET_BITS 64
| #define HAVE_FSEEKO 1
| #define HAVE_FTELLO 1
| #define HAVE_FSEEKO64 1
| #define HAVE_FTELLO64 1
| #define HAVE_LIBM 1
| #define MATIO_HAVE_INTTYPES_H 1
| #define MATIO_HAVE_STDINT_H 1
| #define HAVE_STRINGS_H 1
| #define HAVE_UNISTD_H 1
| #define HAVE_LOCALE_H 1
| #define HAVE_STDDEF_H 1
| #define HAVE_STRUCT_LCONV_DECIMAL_POINT 1
| #define HAVE_STRUCT_LCONV_THOUSANDS_SEP 1
| /* end confdefs.h.  */
| #include <stddef.h>
| #ifdef HAVE_STDIO_H
| # include <stdio.h>
| #endif
| #ifdef HAVE_STDLIB_H
| # include <stdlib.h>
| #endif
| #ifdef HAVE_STRING_H
| # include <string.h>
| #endif
| #ifdef HAVE_INTTYPES_H
| # include <inttypes.h>
| #endif
| #ifdef HAVE_STDINT_H
| # include <stdint.h>
| #endif
| #ifdef HAVE_STRINGS_H
| # include <strings.h>
| #endif
| #ifdef HAVE_SYS_TYPES_H
| # include <sys/types.h>
| #endif
| #ifdef HAVE_SYS_STAT_H
| # include <sys/stat.h>
| #endif
| #ifdef HAVE_UNISTD_H
| # include <unistd.h>
| #endif
| int
| main (void)
| {
| if (sizeof ((ptrdiff_t)))
| 	    return 0;
|   ;
|   return 0;
| }
configure:13149: result: yes
configure:13158: checking for localeconv
configure:13158: gcc -o conftest  -g -O2   conftest.c -lm  >&5
configure:13158: $? = 0
configure:13158: result: yes
configure:13168: checking for getopt_long
configure:13192: gcc -o conftest  -g -O2   conftest.c -lm  >&5
conftest.c:74: warning: "_GNU_SOURCE" redefined
   74 |  #define _GNU_SOURCE /* For getopt_long on GNU systems */
      | 
conftest.c:30: note: this is the location of the previous definition
   30 | #define _GNU_SOURCE 1
      | 
conftest.c: In function 'main':
conftest.c:80:11: warning: argument 2 null where non-null expected [-Wnonnull]
   80 | int opt = getopt_long(0,NULL,NULL,NULL,NULL);
      |           ^~~~~~~~~~~
In file included from /usr/include/getopt.h:36,
                 from conftest.c:75:
/usr/include/x86_64-linux-gnu/bits/getopt_ext.h:66:12: note: in a call to function 'getopt_long' declared 'nonnull'
   66 | extern int getopt_long (int ___argc, char *__getopt_argv_const *___argv,
      |            ^~~~~~~~~~~
conftest.c:80:11: warning: argument 3 null where non-null expected [-Wnonnull]
   80 | int opt = getopt_long(0,NULL,NULL,NULL,NULL);
      |           ^~~~~~~~~~~
In file included from /usr/include/getopt.h:36,
                 from conftest.c:75:
/usr/include/x86_64-linux-gnu/bits/getopt_ext.h:66:12: note: in a call to function 'getopt_long' declared 'nonnull'
   66 | extern int getopt_long (int ___argc, char *__getopt_argv_const *___argv,
      |            ^~~~~~~~~~~
configure:13192: $? = 0
configure:13203: result: system
configure:13223: checking size of double
configure:13229: gcc -o conftest  -g -O2   conftest.c -lm  >&5
configure:13229: $? = 0
configure:13229: ./conftest
configure:13229: $? = 0
configure:13244: result: 8
configure:13256: checking size of float
configure:13262: gcc -o conftest  -g -O2   conftest.c -lm  >&5
configure:13262: $? = 0
configure:13262: ./conftest
configure:13262: $? = 0
configure:13277: result: 4
configure:13289: checking size of long long
configure:13295: gcc -o conftest  -g -O2   conftest.c -lm  >&5
configure:13295: $? = 0
configure:13295: ./conftest
configure:13295: $? = 0
configure:13310: result: 8
configure:13322: checking size of long
configure:13328: gcc -o conftest  -g -O2   conftest.c -lm  >&5
configure:13328: $? = 0
configure:13328: ./conftest
configure:13328: $? = 0
configure:13343: result: 8
configure:13355: checking size of int
configure:13361: gcc -o conftest  -g -O2   conftest.c -lm  >&5
configure:13361: $? = 0
configure:13361: ./conftest
configure:13361: $? = 0
configure:13376: result: 4
configure:13388: checking size of short
configure:13394: gcc -o conftest  -g -O2   conftest.c -lm  >&5
configure:13394: $? = 0
configure:13394: ./conftest
configure:13394: $? = 0
configure:13409: result: 2
configure:13421: checking size of char
configure:13427: gcc -o conftest  -g -O2   conftest.c -lm  >&5
configure:13427: $? = 0
configure:13427: ./conftest
configure:13427: $? = 0
configure:13442: result: 1
configure:13454: checking size of void *
configure:13460: gcc -o conftest  -g -O2   conftest.c -lm  >&5
configure:13460: $? = 0
configure:13460: ./conftest
configure:13460: $? = 0
configure:13475: result: 8
configure:13487: checking size of off_t
configure:13493: gcc -o conftest  -g -O2   conftest.c -lm  >&5
configure:13493: $? = 0
configure:13493: ./conftest
configure:13493: $? = 0
configure:13508: result: 8
configure:13520: checking size of size_t
configure:13526: gcc -o conftest  -g -O2   conftest.c -lm  >&5
configure:13526: $? = 0
configure:13526: ./conftest
configure:13526: $? = 0
configure:13541: result: 8
configure:13558: checking for mat_int64_t
configure:13580: gcc -o conftest  -g -O2   conftest.c -lm  >&5
configure:13580: $? = 0
configure:13598: result: int64_t
configure:13838: checking for mat_uint64_t
configure:13860: gcc -o conftest  -g -O2   conftest.c -lm  >&5
configure:13860: $? = 0
configure:13878: result: uint64_t
configure:14118: checking for mat_int32_t
configure:14140: gcc -o conftest  -g -O2   conftest.c -lm  >&5
configure:14140: $? = 0
configure:14158: result: int32_t
configure:14398: checking for mat_uint32_t
configure:14420: gcc -o conftest  -g -O2   conftest.c -lm  >&5
configure:14420: $? = 0
configure:14438: result: uint32_t
configure:14678: checking for mat_int16_t
configure:14700: gcc -o conftest  -g -O2   conftest.c -lm  >&5
configure:14700: $? = 0
configure:14718: result: int16_t
configure:14958: checking for mat_uint16_t
configure:14980: gcc -o conftest  -g -O2   conftest.c -lm  >&5
configure:14980: $? = 0
configure:14998: result: uint16_t
configure:15238: checking for mat_int8_t
configure:15260: gcc -o conftest  -g -O2   conftest.c -lm  >&5
configure:15260: $? = 0
configure:15278: result: int8_t
configure:15518: checking for mat_uint8_t
configure:15540: gcc -o conftest  -g -O2   conftest.c -lm  >&5
configure:15540: $? = 0
configure:15558: result: uint8_t
configure:15812: checking for off_t
configure:15812: gcc -c  -g -O2  conftest.c >&5
configure:15812: $? = 0
configure:15812: gcc -c  -g -O2  conftest.c >&5
conftest.c: In function 'main':
conftest.c:123:20: error: expected expression before ')' token
  123 | if (sizeof ((off_t)))
      |                    ^
configure:15812: $? = 1
configure: failed program was:
| /* confdefs.h */
| #define PACKAGE_NAME "MATIO"
| #define PACKAGE_TARNAME "matio"
| #define PACKAGE_VERSION "1.5.26"
| #define PACKAGE_STRING "MATIO 1.5.26"
| #define PACKAGE_BUGREPORT "t-beu@users.sourceforge.net"
| #define PACKAGE_URL "https://sourceforge.net/projects/matio"
| #define PACKAGE "matio"
| #define VERSION "1.5.26"
| #define MATIO_PLATFORM "x86_64-pc-linux-gnu"
| #define MATIO_MAJOR_VERSION 1
| #define MATIO_MINOR_VERSION 5
| #define MATIO_RELEASE_LEVEL 26
| #define MATIO_VERSION 1526
| #define MATIO_VERSION_STR "1.5.26"
| #define HAVE_STDIO_H 1
| #define HAVE_STDLIB_H 1
| #define HAVE_STRING_H 1
| #define HAVE_INTTYPES_H 1
| #define HAVE_STDINT_H 1
| #define HAVE_STRINGS_H 1
| #define HAVE_SYS_STAT_H 1
| #define HAVE_SYS_TYPES_H 1
| #define HAVE_UNISTD_H 1
| #define HAVE_WCHAR_H 1
| #define HAVE_STDARG_H 1
| #define STDC_HEADERS 1
| #define _ALL_SOURCE 1
| #define _DARWIN_C_SOURCE 1
| #define _GNU_SOURCE 1
| #define _HPUX_ALT_XOPEN_SOCKET_API 1
| #define _NETBSD_SOURCE 1
| #define _OPENBSD_SOURCE 1
| #define _POSIX_PTHREAD_SEMANTICS 1
| #define __STDC_WANT_IEC_60559_ATTRIBS_EXT__ 1
| #define __STDC_WANT_IEC_60559_BFP_EXT__ 1
| #define __STDC_WANT_IEC_60559_DFP_EXT__ 1
| #define __STDC_WANT_IEC_60559_FUNCS_EXT__ 1
| #define __STDC_WANT_IEC_60559_TYPES_EXT__ 1
| #define __STDC_WANT_LIB_EXT2__ 1
| #define __STDC_WANT_MATH_SPEC_FUNCS__ 1
| #define _TANDEM_SOURCE 1
| #define __EXTENSIONS__ 1
| #define NODEBUG /**/
| #define NODEBUG /**/
| #define HAVE_DLFCN_H 1
| #define LT_OBJDIR ".libs/"
| #define _LARGEFILE64_SOURCE 1
| #define _FILE_OFFSET_BITS 64
| #define HAVE_FSEEKO 1
| #define HAVE_FTELLO 1
| #define HAVE_FSEEKO64 1
| #define HAVE_FTELLO64 1
| #define HAVE_LIBM 1
| #define MATIO_HAVE_INTTYPES_H 1
| #define MATIO_HAVE_STDINT_H 1
| #define HAVE_STRINGS_H 1
| #define HAVE_UNISTD_H 1
| #define HAVE_LOCALE_H 1
| #define HAVE_STDDEF_H 1
| #define HAVE_STRUCT_LCONV_DECIMAL_POINT 1
| #define HAVE_STRUCT_LCONV_THOUSANDS_SEP 1
| #define HAVE_PTRDIFF_T 1
| #define HAVE_LOCALECONV 1
| #define SIZEOF_DOUBLE 8
| #define SIZEOF_FLOAT 4
| #define SIZEOF_LONG_LONG 8
| #define SIZEOF_LONG 8
| #define SIZEOF_INT 4
| #define SIZEOF_SHORT 2
| #define SIZEOF_CHAR 1
| #define SIZEOF_VOID_P 8
| #define SIZEOF_OFF_T 8
| #define SIZEOF_SIZE_T 8
| #define HAVE_MAT_INT64_T /**/
| #define _mat_int64_t int64_t
| #define HAVE_MAT_UINT64_T /**/
| #define _mat_uint64_t uint64_t
| #define HAVE_MAT_INT32_T /**/
| #define _mat_int32_t int32_t
| #define HAVE_MAT_UINT32_T /**/
| #define _mat_uint32_t uint32_t
| #define HAVE_MAT_INT16_T /**/
| #define _mat_int16_t int16_t
| #define HAVE_MAT_UINT16_T /**/
| #define _mat_uint16_t uint16_t
| #define HAVE_MAT_INT8_T /**/
| #define _mat_int8_t int8_t
| #define HAVE_MAT_UINT8_T /**/
| #define _mat_uint8_t uint8_t
| /* end confdefs.h.  */
| #include <stddef.h>
| #ifdef HAVE_STDIO_H
| # include <stdio.h>
| #endif
| #ifdef HAVE_STDLIB_H
| # include <stdlib.h>
| #endif
| #ifdef HAVE_STRING_H
| # include <string.h>
| #endif
| #ifdef HAVE_INTTYPES_H
| # include <inttypes.h>
| #endif
| #ifdef HAVE_STDINT_H
| # include <stdint.h>
| #endif
| #ifdef HAVE_STRINGS_H
| # include <strings.h>
| #endif
| #ifdef HAVE_SYS_TYPES_H
| # include <sys/types.h>
| #endif
| #ifdef HAVE_SYS_STAT_H
| # include <sys/stat.h>
| #endif
| #ifdef HAVE_UNISTD_H
| # include <unistd.h>
| #endif
| int
| main (void)
| {
| if (sizeof ((off_t)))
| 	    return 0;
|   ;
|   return 0;
| }
configure:15812: result: yes
configure:15823: checking for off64_t
configure:15840: gcc -c  -g -O2  conftest.c >&5
configure:15840: $? = 0
configure:15858: result: no
configure:15863: checking for long double
configure:15898: result: yes
configure:15907: checking for unsigned long long int
configure:15949: gcc -o conftest  -g -O2   conftest.c -lm  >&5
configure:15949: $? = 0
configure:15959: result: yes
configure:15969: checking for long long int
configure:16011: gcc -o conftest  -g -O2   conftest.c -lm  >&5
configure:16011: $? = 0
configure:16011: ./conftest
configure:16011: $? = 0
configure:16024: result: yes
configure:16033: checking for unsigned long long int
configure:16085: result: yes
configure:16093: checking for size_t
configure:16093: gcc -c  -g -O2  conftest.c >&5
configure:16093: $? = 0
configure:16093: gcc -c  -g -O2  conftest.c >&5
conftest.c: In function 'main':
conftest.c:128:21: error: expected expression before ')' token
  128 | if (sizeof ((size_t)))
      |                     ^
configure:16093: $? = 1
configure: failed program was:
| /* confdefs.h */
| #define PACKAGE_NAME "MATIO"
| #define PACKAGE_TARNAME "matio"
| #define PACKAGE_VERSION "1.5.26"
| #define PACKAGE_STRING "MATIO 1.5.26"
| #define PACKAGE_BUGREPORT "t-beu@users.sourceforge.net"
| #define PACKAGE_URL "https://sourceforge.net/projects/matio"
| #define PACKAGE "matio"
| #define VERSION "1.5.26"
| #define MATIO_PLATFORM "x86_64-pc-linux-gnu"
| #define MATIO_MAJOR_VERSION 1
| #define MATIO_MINOR_VERSION 5
| #define MATIO_RELEASE_LEVEL 26
| #define MATIO_VERSION 1526
| #define MATIO_VERSION_STR "1.5.26"
| #define HAVE_STDIO_H 1
| #define HAVE_STDLIB_H 1
| #define HAVE_STRING_H 1
| #define HAVE_INTTYPES_H 1
| #define HAVE_STDINT_H 1
| #define HAVE_STRINGS_H 1
| #define HAVE_SYS_STAT_H 1
| #define HAVE_SYS_TYPES_H 1
| #define HAVE_UNISTD_H 1
| #define HAVE_WCHAR_H 1
| #define HAVE_STDARG_H 1
| #define STDC_HEADERS 1
| #define _ALL_SOURCE 1
| #define _DARWIN_C_SOURCE 1
| #define _GNU_SOURCE 1
| #define _HPUX_ALT_XOPEN_SOCKET_API 1
| #define _NETBSD_SOURCE 1
| #define _OPENBSD_SOURCE 1
| #define _POSIX_PTHREAD_SEMANTICS 1
| #define __STDC_WANT_IEC_60559_ATTRIBS_EXT__ 1
| #define __STDC_WANT_IEC_60559_BFP_EXT__ 1
| #define __STDC_WANT_IEC_60559_DFP_EXT__ 1
| #define __STDC_WANT_IEC_60559_FUNCS_EXT__ 1
| #define __STDC_WANT_IEC_60559_TYPES_EXT__ 1
| #define __STDC_WANT_LIB_EXT2__ 1
| #define __STDC_WANT_MATH_SPEC_FUNCS__ 1
| #define _TANDEM_SOURCE 1
| #define __EXTENSIONS__ 1
| #define NODEBUG /**/
| #define NODEBUG /**/
| #define HAVE_DLFCN_H 1
| #define LT_OBJDIR ".libs/"
| #define _LARGEFILE64_SOURCE 1
| #define _FILE_OFFSET_BITS 64
| #define HAVE_FSEEKO 1
| #define HAVE_FTELLO 1
| #define HAVE_FSEEKO64 1
| #define HAVE_FTELLO64 1
| #define HAVE_LIBM 1
| #define MATIO_HAVE_INTTYPES_H 1
| #define MATIO_HAVE_STDINT_H 1
| #define HAVE_STRINGS_H 1
| #define HAVE_UNISTD_H 1
| #define HAVE_LOCALE_H 1
| #define HAVE_STDDEF_H 1
| #define HAVE_STRUCT_LCONV_DECIMAL_POINT 1
| #define HAVE_STRUCT_LCONV_THOUSANDS_SEP 1
| #define HAVE_PTRDIFF_T 1
| #define HAVE_LOCALECONV 1
| #define SIZEOF_DOUBLE 8
| #define SIZEOF_FLOAT 4
| #define SIZEOF_LONG_LONG 8
| #define SIZEOF_LONG 8
| #define SIZEOF_INT 4
| #define SIZEOF_SHORT 2
| #define SIZEOF_CHAR 1
| #define SIZEOF_VOID_P 8
| #define SIZEOF_OFF_T 8
| #define SIZEOF_SIZE_T 8
| #define HAVE_MAT_INT64_T /**/
| #define _mat_int64_t int64_t
| #define HAVE_MAT_UINT64_T /**/
| #define _mat_uint64_t uint64_t
| #define HAVE_MAT_INT32_T /**/
| #define _mat_int32_t int32_t
| #define HAVE_MAT_UINT32_T /**/
| #define _mat_uint32_t uint32_t
| #define HAVE_MAT_INT16_T /**/
| #define _mat_int16_t int16_t
| #define HAVE_MAT_UINT16_T /**/
| #define _mat_uint16_t uint16_t
| #define HAVE_MAT_INT8_T /**/
| #define _mat_int8_t int8_t
| #define HAVE_MAT_UINT8_T /**/
| #define _mat_uint8_t uint8_t
| #define HAVE_OFF64_T /**/
| #define HAVE_LONG_DOUBLE 1
| #define HAVE_UNSIGNED_LONG_LONG_INT 1
| #define HAVE_LONG_LONG_INT 1
| #define HAVE_UNSIGNED_LONG_LONG_INT 1
| /* end confdefs.h.  */
| #include <stddef.h>
| #ifdef HAVE_STDIO_H
| # include <stdio.h>
| #endif
| #ifdef HAVE_STDLIB_H
| # include <stdlib.h>
| #endif
| #ifdef HAVE_STRING_H
| # include <string.h>
| #endif
| #ifdef HAVE_INTTYPES_H
| # include <inttypes.h>
| #endif
| #ifdef HAVE_STDINT_H
| # include <stdint.h>
| #endif
| #ifdef HAVE_STRINGS_H
| # include <strings.h>
| #endif
| #ifdef HAVE_SYS_TYPES_H
| # include <sys/types.h>
| #endif
| #ifdef HAVE_SYS_STAT_H
| # include <sys/stat.h>
| #endif
| #ifdef HAVE_UNISTD_H
| # include <unistd.h>
| #endif
| int
| main (void)
| {
| if (sizeof ((size_t)))
| 	    return 0;
|   ;
|   return 0;
| }
configure:16093: result: yes
configure:16105: checking for intmax_t
configure:16105: gcc -c  -g -O2  conftest.c >&5
configure:16105: $? = 0
configure:16105: gcc -c  -g -O2  conftest.c >&5
conftest.c: In function 'main':
conftest.c:128:23: error: expected expression before ')' token
  128 | if (sizeof ((intmax_t)))
      |                       ^
configure:16105: $? = 1
configure: failed program was:
| /* confdefs.h */
| #define PACKAGE_NAME "MATIO"
| #define PACKAGE_TARNAME "matio"
| #define PACKAGE_VERSION "1.5.26"
| #define PACKAGE_STRING "MATIO 1.5.26"
| #define PACKAGE_BUGREPORT "t-beu@users.sourceforge.net"
| #define PACKAGE_URL "https://sourceforge.net/projects/matio"
| #define PACKAGE "matio"
| #define VERSION "1.5.26"
| #define MATIO_PLATFORM "x86_64-pc-linux-gnu"
| #define MATIO_MAJOR_VERSION 1
| #define MATIO_MINOR_VERSION 5
| #define MATIO_RELEASE_LEVEL 26
| #define MATIO_VERSION 1526
| #define MATIO_VERSION_STR "1.5.26"
| #define HAVE_STDIO_H 1
| #define HAVE_STDLIB_H 1
| #define HAVE_STRING_H 1
| #define HAVE_INTTYPES_H 1
| #define HAVE_STDINT_H 1
| #define HAVE_STRINGS_H 1
| #define HAVE_SYS_STAT_H 1
| #define HAVE_SYS_TYPES_H 1
| #define HAVE_UNISTD_H 1
| #define HAVE_WCHAR_H 1
| #define HAVE_STDARG_H 1
| #define STDC_HEADERS 1
| #define _ALL_SOURCE 1
| #define _DARWIN_C_SOURCE 1
| #define _GNU_SOURCE 1
| #define _HPUX_ALT_XOPEN_SOCKET_API 1
| #define _NETBSD_SOURCE 1
| #define _OPENBSD_SOURCE 1
| #define _POSIX_PTHREAD_SEMANTICS 1
| #define __STDC_WANT_IEC_60559_ATTRIBS_EXT__ 1
| #define __STDC_WANT_IEC_60559_BFP_EXT__ 1
| #define __STDC_WANT_IEC_60559_DFP_EXT__ 1
| #define __STDC_WANT_IEC_60559_FUNCS_EXT__ 1
| #define __STDC_WANT_IEC_60559_TYPES_EXT__ 1
| #define __STDC_WANT_LIB_EXT2__ 1
| #define __STDC_WANT_MATH_SPEC_FUNCS__ 1
| #define _TANDEM_SOURCE 1
| #define __EXTENSIONS__ 1
| #define NODEBUG /**/
| #define NODEBUG /**/
| #define HAVE_DLFCN_H 1
| #define LT_OBJDIR ".libs/"
| #define _LARGEFILE64_SOURCE 1
| #define _FILE_OFFSET_BITS 64
| #define HAVE_FSEEKO 1
| #define HAVE_FTELLO 1
| #define HAVE_FSEEKO64 1
| #define HAVE_FTELLO64 1
| #define HAVE_LIBM 1
| #define MATIO_HAVE_INTTYPES_H 1
| #define MATIO_HAVE_STDINT_H 1
| #define HAVE_STRINGS_H 1
| #define HAVE_UNISTD_H 1
| #define HAVE_LOCALE_H 1
| #define HAVE_STDDEF_H 1
| #define HAVE_STRUCT_LCONV_DECIMAL_POINT 1
| #define HAVE_STRUCT_LCONV_THOUSANDS_SEP 1
| #define HAVE_PTRDIFF_T 1
| #define HAVE_LOCALECONV 1
| #define SIZEOF_DOUBLE 8
| #define SIZEOF_FLOAT 4
| #define SIZEOF_LONG_LONG 8
| #define SIZEOF_LONG 8
| #define SIZEOF_INT 4
| #define SIZEOF_SHORT 2
| #define SIZEOF_CHAR 1
| #define SIZEOF_VOID_P 8
| #define SIZEOF_OFF_T 8
| #define SIZEOF_SIZE_T 8
| #define HAVE_MAT_INT64_T /**/
| #define _mat_int64_t int64_t
| #define HAVE_MAT_UINT64_T /**/
| #define _mat_uint64_t uint64_t
| #define HAVE_MAT_INT32_T /**/
| #define _mat_int32_t int32_t
| #define HAVE_MAT_UINT32_T /**/
| #define _mat_uint32_t uint32_t
| #define HAVE_MAT_INT16_T /**/
| #define _mat_int16_t int16_t
| #define HAVE_MAT_UINT16_T /**/
| #define _mat_uint16_t uint16_t
| #define HAVE_MAT_INT8_T /**/
| #define _mat_int8_t int8_t
| #define HAVE_MAT_UINT8_T /**/
| #define _mat_uint8_t uint8_t
| #define HAVE_OFF64_T /**/
| #define HAVE_LONG_DOUBLE 1
| #define HAVE_UNSIGNED_LONG_LONG_INT 1
| #define HAVE_LONG_LONG_INT 1
| #define HAVE_UNSIGNED_LONG_LONG_INT 1
| /* end confdefs.h.  */
| #include <stddef.h>
| #ifdef HAVE_STDIO_H
| # include <stdio.h>
| #endif
| #ifdef HAVE_STDLIB_H
| # include <stdlib.h>
| #endif
| #ifdef HAVE_STRING_H
| # include <string.h>
| #endif
| #ifdef HAVE_INTTYPES_H
| # include <inttypes.h>
| #endif
| #ifdef HAVE_STDINT_H
| # include <stdint.h>
| #endif
| #ifdef HAVE_STRINGS_H
| # include <strings.h>
| #endif
| #ifdef HAVE_SYS_TYPES_H
| # include <sys/types.h>
| #endif
| #ifdef HAVE_SYS_STAT_H
| # include <sys/stat.h>
| #endif
| #ifdef HAVE_UNISTD_H
| # include <unistd.h>
| #endif
| int
| main (void)
| {
| if (sizeof ((intmax_t)))
| 	    return 0;
|   ;
|   return 0;
| }
configure:16105: result: yes
configure:16123: checking for uintmax_t
configure:16123: gcc -c  -g -O2  conftest.c >&5
configure:16123: $? = 0
configure:16123: gcc -c  -g -O2  conftest.c >&5
conftest.c: In function 'main':
conftest.c:129:24: error: expected expression before ')' token
  129 | if (sizeof ((uintmax_t)))
      |                        ^
configure:16123: $? = 1
configure: failed program was:
| /* confdefs.h */
| #define PACKAGE_NAME "MATIO"
| #define PACKAGE_TARNAME "matio"
| #define PACKAGE_VERSION "1.5.26"
| #define PACKAGE_STRING "MATIO 1.5.26"
| #define PACKAGE_BUGREPORT "t-beu@users.sourceforge.net"
| #define PACKAGE_URL "https://sourceforge.net/projects/matio"
| #define PACKAGE "matio"
| #define VERSION "1.5.26"
| #define MATIO_PLATFORM "x86_64-pc-linux-gnu"
| #define MATIO_MAJOR_VERSION 1
| #define MATIO_MINOR_VERSION 5
| #define MATIO_RELEASE_LEVEL 26
| #define MATIO_VERSION 1526
| #define MATIO_VERSION_STR "1.5.26"
| #define HAVE_STDIO_H 1
| #define HAVE_STDLIB_H 1
| #define HAVE_STRING_H 1
| #define HAVE_INTTYPES_H 1
| #define HAVE_STDINT_H 1
| #define HAVE_STRINGS_H 1
| #define HAVE_SYS_STAT_H 1
| #define HAVE_SYS_TYPES_H 1
| #define HAVE_UNISTD_H 1
| #define HAVE_WCHAR_H 1
| #define HAVE_STDARG_H 1
| #define STDC_HEADERS 1
| #define _ALL_SOURCE 1
| #define _DARWIN_C_SOURCE 1
| #define _GNU_SOURCE 1
| #define _HPUX_ALT_XOPEN_SOCKET_API 1
| #define _NETBSD_SOURCE 1
| #define _OPENBSD_SOURCE 1
| #define _POSIX_PTHREAD_SEMANTICS 1
| #define __STDC_WANT_IEC_60559_ATTRIBS_EXT__ 1
| #define __STDC_WANT_IEC_60559_BFP_EXT__ 1
| #define __STDC_WANT_IEC_60559_DFP_EXT__ 1
| #define __STDC_WANT_IEC_60559_FUNCS_EXT__ 1
| #define __STDC_WANT_IEC_60559_TYPES_EXT__ 1
| #define __STDC_WANT_LIB_EXT2__ 1
| #define __STDC_WANT_MATH_SPEC_FUNCS__ 1
| #define _TANDEM_SOURCE 1
| #define __EXTENSIONS__ 1
| #define NODEBUG /**/
| #define NODEBUG /**/
| #define HAVE_DLFCN_H 1
| #define LT_OBJDIR ".libs/"
| #define _LARGEFILE64_SOURCE 1
| #define _FILE_OFFSET_BITS 64
| #define HAVE_FSEEKO 1
| #define HAVE_FTELLO 1
| #define HAVE_FSEEKO64 1
| #define HAVE_FTELLO64 1
| #define HAVE_LIBM 1
| #define MATIO_HAVE_INTTYPES_H 1
| #define MATIO_HAVE_STDINT_H 1
| #define HAVE_STRINGS_H 1
| #define HAVE_UNISTD_H 1
| #define HAVE_LOCALE_H 1
| #define HAVE_STDDEF_H 1
| #define HAVE_STRUCT_LCONV_DECIMAL_POINT 1
| #define HAVE_STRUCT_LCONV_THOUSANDS_SEP 1
| #define HAVE_PTRDIFF_T 1
| #define HAVE_LOCALECONV 1
| #define SIZEOF_DOUBLE 8
| #define SIZEOF_FLOAT 4
| #define SIZEOF_LONG_LONG 8
| #define SIZEOF_LONG 8
| #define SIZEOF_INT 4
| #define SIZEOF_SHORT 2
| #define SIZEOF_CHAR 1
| #define SIZEOF_VOID_P 8
| #define SIZEOF_OFF_T 8
| #define SIZEOF_SIZE_T 8
| #define HAVE_MAT_INT64_T /**/
| #define _mat_int64_t int64_t
| #define HAVE_MAT_UINT64_T /**/
| #define _mat_uint64_t uint64_t
| #define HAVE_MAT_INT32_T /**/
| #define _mat_int32_t int32_t
| #define HAVE_MAT_UINT32_T /**/
| #define _mat_uint32_t uint32_t
| #define HAVE_MAT_INT16_T /**/
| #define _mat_int16_t int16_t
| #define HAVE_MAT_UINT16_T /**/
| #define _mat_uint16_t uint16_t
| #define HAVE_MAT_INT8_T /**/
| #define _mat_int8_t int8_t
| #define HAVE_MAT_UINT8_T /**/
| #define _mat_uint8_t uint8_t
| #define HAVE_OFF64_T /**/
| #define HAVE_LONG_DOUBLE 1
| #define HAVE_UNSIGNED_LONG_LONG_INT 1
| #define HAVE_LONG_LONG_INT 1
| #define HAVE_UNSIGNED_LONG_LONG_INT 1
| #define HAVE_INTMAX_T 1
| /* end confdefs.h.  */
| #include <stddef.h>
| #ifdef HAVE_STDIO_H
| # include <stdio.h>
| #endif
| #ifdef HAVE_STDLIB_H
| # include <stdlib.h>
| #endif
| #ifdef HAVE_STRING_H
| # include <string.h>
| #endif
| #ifdef HAVE_INTTYPES_H
| # include <inttypes.h>
| #endif
| #ifdef HAVE_STDINT_H
| # include <stdint.h>
| #endif
| #ifdef HAVE_STRINGS_H
| # include <strings.h>
| #endif
| #ifdef HAVE_SYS_TYPES_H
| # include <sys/types.h>
| #endif
| #ifdef HAVE_SYS_STAT_H
| # include <sys/stat.h>
| #endif
| #ifdef HAVE_UNISTD_H
| # include <unistd.h>
| #endif
| int
| main (void)
| {
| if (sizeof ((uintmax_t)))
| 	    return 0;
|   ;
|   return 0;
| }
configure:16123: result: yes
configure:16140: checking for uintptr_t
configure:16140: gcc -c  -g -O2  conftest.c >&5
configure:16140: $? = 0
configure:16140: gcc -c  -g -O2  conftest.c >&5
conftest.c: In function 'main':
conftest.c:130:24: error: expected expression before ')' token
  130 | if (sizeof ((uintptr_t)))
      |                        ^
configure:16140: $? = 1
configure: failed program was:
| /* confdefs.h */
| #define PACKAGE_NAME "MATIO"
| #define PACKAGE_TARNAME "matio"
| #define PACKAGE_VERSION "1.5.26"
| #define PACKAGE_STRING "MATIO 1.5.26"
| #define PACKAGE_BUGREPORT "t-beu@users.sourceforge.net"
| #define PACKAGE_URL "https://sourceforge.net/projects/matio"
| #define PACKAGE "matio"
| #define VERSION "1.5.26"
| #define MATIO_PLATFORM "x86_64-pc-linux-gnu"
| #define MATIO_MAJOR_VERSION 1
| #define MATIO_MINOR_VERSION 5
| #define MATIO_RELEASE_LEVEL 26
| #define MATIO_VERSION 1526
| #define MATIO_VERSION_STR "1.5.26"
| #define HAVE_STDIO_H 1
| #define HAVE_STDLIB_H 1
| #define HAVE_STRING_H 1
| #define HAVE_INTTYPES_H 1
| #define HAVE_STDINT_H 1
| #define HAVE_STRINGS_H 1
| #define HAVE_SYS_STAT_H 1
| #define HAVE_SYS_TYPES_H 1
| #define HAVE_UNISTD_H 1
| #define HAVE_WCHAR_H 1
| #define HAVE_STDARG_H 1
| #define STDC_HEADERS 1
| #define _ALL_SOURCE 1
| #define _DARWIN_C_SOURCE 1
| #define _GNU_SOURCE 1
| #define _HPUX_ALT_XOPEN_SOCKET_API 1
| #define _NETBSD_SOURCE 1
| #define _OPENBSD_SOURCE 1
| #define _POSIX_PTHREAD_SEMANTICS 1
| #define __STDC_WANT_IEC_60559_ATTRIBS_EXT__ 1
| #define __STDC_WANT_IEC_60559_BFP_EXT__ 1
| #define __STDC_WANT_IEC_60559_DFP_EXT__ 1
| #define __STDC_WANT_IEC_60559_FUNCS_EXT__ 1
| #define __STDC_WANT_IEC_60559_TYPES_EXT__ 1
| #define __STDC_WANT_LIB_EXT2__ 1
| #define __STDC_WANT_MATH_SPEC_FUNCS__ 1
| #define _TANDEM_SOURCE 1
| #define __EXTENSIONS__ 1
| #define NODEBUG /**/
| #define NODEBUG /**/
| #define HAVE_DLFCN_H 1
| #define LT_OBJDIR ".libs/"
| #define _LARGEFILE64_SOURCE 1
| #define _FILE_OFFSET_BITS 64
| #define HAVE_FSEEKO 1
| #define HAVE_FTELLO 1
| #define HAVE_FSEEKO64 1
| #define HAVE_FTELLO64 1
| #define HAVE_LIBM 1
| #define MATIO_HAVE_INTTYPES_H 1
| #define MATIO_HAVE_STDINT_H 1
| #define HAVE_STRINGS_H 1
| #define HAVE_UNISTD_H 1
| #define HAVE_LOCALE_H 1
| #define HAVE_STDDEF_H 1
| #define HAVE_STRUCT_LCONV_DECIMAL_POINT 1
| #define HAVE_STRUCT_LCONV_THOUSANDS_SEP 1
| #define HAVE_PTRDIFF_T 1
| #define HAVE_LOCALECONV 1
| #define SIZEOF_DOUBLE 8
| #define SIZEOF_FLOAT 4
| #define SIZEOF_LONG_LONG 8
| #define SIZEOF_LONG 8
| #define SIZEOF_INT 4
| #define SIZEOF_SHORT 2
| #define SIZEOF_CHAR 1
| #define SIZEOF_VOID_P 8
| #define SIZEOF_OFF_T 8
| #define SIZEOF_SIZE_T 8
| #define HAVE_MAT_INT64_T /**/
| #define _mat_int64_t int64_t
| #define HAVE_MAT_UINT64_T /**/
| #define _mat_uint64_t uint64_t
| #define HAVE_MAT_INT32_T /**/
| #define _mat_int32_t int32_t
| #define HAVE_MAT_UINT32_T /**/
| #define _mat_uint32_t uint32_t
| #define HAVE_MAT_INT16_T /**/
| #define _mat_int16_t int16_t
| #define HAVE_MAT_UINT16_T /**/
| #define _mat_uint16_t uint16_t
| #define HAVE_MAT_INT8_T /**/
| #define _mat_int8_t int8_t
| #define HAVE_MAT_UINT8_T /**/
| #define _mat_uint8_t uint8_t
| #define HAVE_OFF64_T /**/
| #define HAVE_LONG_DOUBLE 1
| #define HAVE_UNSIGNED_LONG_LONG_INT 1
| #define HAVE_LONG_LONG_INT 1
| #define HAVE_UNSIGNED_LONG_LONG_INT 1
| #define HAVE_INTMAX_T 1
| #define HAVE_UINTMAX_T 1
| /* end confdefs.h.  */
| #include <stddef.h>
| #ifdef HAVE_STDIO_H
| # include <stdio.h>
| #endif
| #ifdef HAVE_STDLIB_H
| # include <stdlib.h>
| #endif
| #ifdef HAVE_STRING_H
| # include <string.h>
| #endif
| #ifdef HAVE_INTTYPES_H
| # include <inttypes.h>
| #endif
| #ifdef HAVE_STDINT_H
| # include <stdint.h>
| #endif
| #ifdef HAVE_STRINGS_H
| # include <strings.h>
| #endif
| #ifdef HAVE_SYS_TYPES_H
| # include <sys/types.h>
| #endif
| #ifdef HAVE_SYS_STAT_H
| # include <sys/stat.h>
| #endif
| #ifdef HAVE_UNISTD_H
| # include <unistd.h>
| #endif
| int
| main (void)
| {
| if (sizeof ((uintptr_t)))
| 	    return 0;
|   ;
|   return 0;
| }
configure:16140: result: yes
configure:16177: checking for va_copy() function
configure:16228: gcc -o conftest  -g -O2   conftest.c -lm  >&5
configure:16228: $? = 0
configure:16228: ./conftest
configure:16228: $? = 0
configure:16625: result: yes
configure:16633: checking for vsnprintf()
configure:16652: gcc -o conftest  -g -O2   conftest.c -lm  >&5
configure:16652: $? = 0
configure:16662: result: yes
configure:16665: checking for snprintf()
configure:16683: gcc -o conftest  -g -O2   conftest.c -lm  >&5
configure:16683: $? = 0
configure:16693: result: yes
configure:16696: checking for vasprintf()
configure:16715: gcc -o conftest  -g -O2   conftest.c -lm  >&5
conftest.c: In function 'main':
conftest.c:108:11: warning: ignoring return value of 'vasprintf' declared with attribute 'warn_unused_result' [-Wunused-result]
  108 |           vasprintf(NULL,"%d",ap);
      |           ^~~~~~~~~~~~~~~~~~~~~~~
configure:16715: $? = 0
configure:16725: result: yes
configure:16728: checking for asprintf()
configure:16746: gcc -o conftest  -g -O2   conftest.c -lm  >&5
conftest.c: In function 'main':
conftest.c:107:27: warning: too many arguments for format [-Wformat-extra-args]
  107 |           asprintf(NULL,0,"%d",0);
      |                           ^~~~
conftest.c:107:11: warning: ignoring return value of 'asprintf' declared with attribute 'warn_unused_result' [-Wunused-result]
  107 |           asprintf(NULL,0,"%d",0);
      |           ^~~~~~~~~~~~~~~~~~~~~~~
configure:16746: $? = 0
configure:16756: result: yes
configure:16802: checking for matlab
configure:16840: result: no
configure:16868: checking for zlib Library
configure:16898: gcc -o conftest  -g -O2    conftest.c -lm  -lz >&5
configure:16898: $? = 0
configure:16954: result: -lz
configure:16991: checking for HDF5 software
configure:17031: gcc -o conftest   -g -O2   conftest.c -lhdf5 -lz -lm  >&5
conftest.c:110:18: fatal error: hdf5.h: No such file or directory
  110 |         #include <hdf5.h>
      |                  ^~~~~~~~
compilation terminated.
configure:17031: $? = 1
configure: failed program was:
| /* confdefs.h */
| #define PACKAGE_NAME "MATIO"
| #define PACKAGE_TARNAME "matio"
| #define PACKAGE_VERSION "1.5.26"
| #define PACKAGE_STRING "MATIO 1.5.26"
| #define PACKAGE_BUGREPORT "t-beu@users.sourceforge.net"
| #define PACKAGE_URL "https://sourceforge.net/projects/matio"
| #define PACKAGE "matio"
| #define VERSION "1.5.26"
| #define MATIO_PLATFORM "x86_64-pc-linux-gnu"
| #define MATIO_MAJOR_VERSION 1
| #define MATIO_MINOR_VERSION 5
| #define MATIO_RELEASE_LEVEL 26
| #define MATIO_VERSION 1526
| #define MATIO_VERSION_STR "1.5.26"
| #define HAVE_STDIO_H 1
| #define HAVE_STDLIB_H 1
| #define HAVE_STRING_H 1
| #define HAVE_INTTYPES_H 1
| #define HAVE_STDINT_H 1
| #define HAVE_STRINGS_H 1
| #define HAVE_SYS_STAT_H 1
| #define HAVE_SYS_TYPES_H 1
| #define HAVE_UNISTD_H 1
| #define HAVE_WCHAR_H 1
| #define HAVE_STDARG_H 1
| #define STDC_HEADERS 1
| #define _ALL_SOURCE 1
| #define _DARWIN_C_SOURCE 1
| #define _GNU_SOURCE 1
| #define _HPUX_ALT_XOPEN_SOCKET_API 1
| #define _NETBSD_SOURCE 1
| #define _OPENBSD_SOURCE 1
| #define _POSIX_PTHREAD_SEMANTICS 1
| #define __STDC_WANT_IEC_60559_ATTRIBS_EXT__ 1
| #define __STDC_WANT_IEC_60559_BFP_EXT__ 1
| #define __STDC_WANT_IEC_60559_DFP_EXT__ 1
| #define __STDC_WANT_IEC_60559_FUNCS_EXT__ 1
| #define __STDC_WANT_IEC_60559_TYPES_EXT__ 1
| #define __STDC_WANT_LIB_EXT2__ 1
| #define __STDC_WANT_MATH_SPEC_FUNCS__ 1
| #define _TANDEM_SOURCE 1
| #define __EXTENSIONS__ 1
| #define NODEBUG /**/
| #define NODEBUG /**/
| #define HAVE_DLFCN_H 1
| #define LT_OBJDIR ".libs/"
| #define _LARGEFILE64_SOURCE 1
| #define _FILE_OFFSET_BITS 64
| #define HAVE_FSEEKO 1
| #define HAVE_FTELLO 1
| #define HAVE_FSEEKO64 1
| #define HAVE_FTELLO64 1
| #define HAVE_LIBM 1
| #define MATIO_HAVE_INTTYPES_H 1
| #define MATIO_HAVE_STDINT_H 1
| #define HAVE_STRINGS_H 1
| #define HAVE_UNISTD_H 1
| #define HAVE_LOCALE_H 1
| #define HAVE_STDDEF_H 1
| #define HAVE_STRUCT_LCONV_DECIMAL_POINT 1
| #define HAVE_STRUCT_LCONV_THOUSANDS_SEP 1
| #define HAVE_PTRDIFF_T 1
| #define HAVE_LOCALECONV 1
| #define SIZEOF_DOUBLE 8
| #define SIZEOF_FLOAT 4
| #define SIZEOF_LONG_LONG 8
| #define SIZEOF_LONG 8
| #define SIZEOF_INT 4
| #define SIZEOF_SHORT 2
| #define SIZEOF_CHAR 1
| #define SIZEOF_VOID_P 8
| #define SIZEOF_OFF_T 8
| #define SIZEOF_SIZE_T 8
| #define HAVE_MAT_INT64_T /**/
| #define _mat_int64_t int64_t
| #define HAVE_MAT_UINT64_T /**/
| #define _mat_uint64_t uint64_t
| #define HAVE_MAT_INT32_T /**/
| #define _mat_int32_t int32_t
| #define HAVE_MAT_UINT32_T /**/
| #define _mat_uint32_t uint32_t
| #define HAVE_MAT_INT16_T /**/
| #define _mat_int16_t int16_t
| #define HAVE_MAT_UINT16_T /**/
| #define _mat_uint16_t uint16_t
| #define HAVE_MAT_INT8_T /**/
| #define _mat_int8_t int8_t
| #define HAVE_MAT_UINT8_T /**/
| #define _mat_uint8_t uint8_t
| #define HAVE_OFF64_T /**/
| #define HAVE_LONG_DOUBLE 1
| #define HAVE_UNSIGNED_LONG_LONG_INT 1
| #define HAVE_LONG_LONG_INT 1
| #define HAVE_UNSIGNED_LONG_LONG_INT 1
| #define HAVE_INTMAX_T 1
| #define HAVE_UINTMAX_T 1
| #define HAVE_UINTPTR_T 1
| #define HAVE_VA_COPY 1
| #define __VA_COPY_USE __VA_COPY_USE_C99
| #define HAVE_VSNPRINTF 1
| #define HAVE_SNPRINTF 1
| #define HAVE_VASPRINTF 1
| #define HAVE_ASPRINTF 1
| #define HAVE_ZLIB 1
| /* end confdefs.h.  */
| 
|         #include<stdio.h>
|         #include <stdlib.h>
|         #include <hdf5.h>
| 
| int
| main (void)
| {
| H5open()
|   ;
|   return 0;
| }
configure:17051: result: no
configure:17145: checking enable MAT v7.3 file support
configure:17149: result: no
configure:17179: checking for default MAT file version
configure:17197: result: MAT_FT_MAT5
configure:17212: checking enable extended sparse types
configure:17221: result: yes
configure:17418: checking that generated files are newer than configure
configure:17424: result: done
configure:17479: creating ./config.status

## ---------------------- ##
## Running config.status. ##
## ---------------------- ##

This file was extended by MATIO config.status 1.5.26, which was
generated by GNU Autoconf 2.71.  Invocation command line was

  CONFIG_FILES    = 
  CONFIG_HEADERS  = 
  CONFIG_LINKS    = 
  CONFIG_COMMANDS = 
  $ ./config.status 

on houji-virtual-machine

config.status:1204: creating Makefile
config.status:1204: creating matio.pc
config.status:1204: creating src/Makefile
config.status:1204: creating getopt/Makefile
config.status:1204: creating tools/Makefile
config.status:1204: creating test/Makefile
config.status:1204: creating documentation/Makefile
config.status:1204: creating src/matioConfig.h
config.status:1385: src/matioConfig.h is unchanged
config.status:1204: creating src/matio_pubconf.h
config.status:1385: src/matio_pubconf.h is unchanged
config.status:1433: executing libtool commands
config.status:1433: executing test/atconfig commands
configure:19559: result: 
configure:19561: result:    MATIO Configuration Summary       
configure:19563: result: ==============================================================
configure:19565: result:            C Compiler: gcc
configure:19567: result:                CFLAGS:  -g -O2
configure:19569: result:      Shared Libraries: yes
configure:19571: result:      Static Libraries: yes
configure:19573: result:   default MAT version: MAT_FT_MAT5
configure:19575: result: 
configure:19577: result: Features --------------------------------------------
configure:19579: result:   MAT v7.3 file support: no
configure:19581: result: Extended sparse support: yes
configure:19583: result: 
configure:19585: result: Packages --------------------------------------------
configure:19587: result:                  zlib: -lz
configure:19589: result:                  hdf5: 
configure:19591: result:                MATLAB: 
configure:19593: result: 
configure:19595: result: 

## ---------------- ##
## Cache variables. ##
## ---------------- ##

ac_cv_build=x86_64-pc-linux-gnu
ac_cv_c_compiler_gnu=yes
ac_cv_env_CC_set=
ac_cv_env_CC_value=
ac_cv_env_CFLAGS_set=
ac_cv_env_CFLAGS_value=
ac_cv_env_CPPFLAGS_set=
ac_cv_env_CPPFLAGS_value=
ac_cv_env_FCLDFLAGS_set=
ac_cv_env_FCLDFLAGS_value=
ac_cv_env_LDFLAGS_set=
ac_cv_env_LDFLAGS_value=
ac_cv_env_LIBS_set=
ac_cv_env_LIBS_value=
ac_cv_env_LT_CFLAGS_set=
ac_cv_env_LT_CFLAGS_value=
ac_cv_env_LT_LDFLAGS_set=
ac_cv_env_LT_LDFLAGS_value=
ac_cv_env_LT_SYS_LIBRARY_PATH_set=
ac_cv_env_LT_SYS_LIBRARY_PATH_value=
ac_cv_env_build_alias_set=
ac_cv_env_build_alias_value=
ac_cv_env_host_alias_set=
ac_cv_env_host_alias_value=
ac_cv_env_target_alias_set=
ac_cv_env_target_alias_value=
ac_cv_func__fseeki64=no
ac_cv_func__ftelli64=no
ac_cv_func_fseeko64=yes
ac_cv_func_fseeko=yes
ac_cv_func_ftello64=yes
ac_cv_func_ftello=yes
ac_cv_func_localeconv=yes
ac_cv_header_dlfcn_h=yes
ac_cv_header_intsafe_h=no
ac_cv_header_inttypes_h=yes
ac_cv_header_locale_h=yes
ac_cv_header_minix_config_h=no
ac_cv_header_stdarg_h=yes
ac_cv_header_stddef_h=yes
ac_cv_header_stdint_h=yes
ac_cv_header_stdio_h=yes
ac_cv_header_stdlib_h=yes
ac_cv_header_string_h=yes
ac_cv_header_strings_h=yes
ac_cv_header_sys_stat_h=yes
ac_cv_header_sys_types_h=yes
ac_cv_header_unistd_h=yes
ac_cv_header_varargs_h=no
ac_cv_header_wchar_h=yes
ac_cv_host=x86_64-pc-linux-gnu
ac_cv_lib_m_pow=yes
ac_cv_member_struct_lconv_decimal_point=yes
ac_cv_member_struct_lconv_thousands_sep=yes
ac_cv_objext=o
ac_cv_path_EGREP='/usr/bin/grep -E'
ac_cv_path_FGREP='/usr/bin/grep -F'
ac_cv_path_GREP=/usr/bin/grep
ac_cv_path_SED=/usr/bin/sed
ac_cv_path_install='/usr/bin/install -c'
ac_cv_path_lt_DD=/usr/bin/dd
ac_cv_path_mkdir=/usr/bin/mkdir
ac_cv_prog_AWK=gawk
ac_cv_prog_ac_ct_AR=ar
ac_cv_prog_ac_ct_CC=gcc
ac_cv_prog_ac_ct_MANIFEST_TOOL=mt
ac_cv_prog_ac_ct_OBJDUMP=objdump
ac_cv_prog_ac_ct_RANLIB=ranlib
ac_cv_prog_ac_ct_STRIP=strip
ac_cv_prog_cc_c11=
ac_cv_prog_cc_g=yes
ac_cv_prog_cc_stdc=
ac_cv_prog_make_make_set=yes
ac_cv_safe_to_define___extensions__=yes
ac_cv_should_define__xopen_source=no
ac_cv_sizeof_char=1
ac_cv_sizeof_double=8
ac_cv_sizeof_float=4
ac_cv_sizeof_int=4
ac_cv_sizeof_long=8
ac_cv_sizeof_long_long=8
ac_cv_sizeof_off_t=8
ac_cv_sizeof_short=2
ac_cv_sizeof_size_t=8
ac_cv_sizeof_void_p=8
ac_cv_sys_file_offset_bits=no
ac_cv_sys_largefile_CC=no
ac_cv_type_intmax_t=yes
ac_cv_type_long_double=yes
ac_cv_type_long_long_int=yes
ac_cv_type_off64_t=yes
ac_cv_type_off_t=yes
ac_cv_type_ptrdiff_t=yes
ac_cv_type_size_t=yes
ac_cv_type_uintmax_t=yes
ac_cv_type_uintptr_t=yes
ac_cv_type_unsigned_long_long_int=yes
ac_cv_va_copy=C99
am_cv_make_support_nested_variables=yes
am_cv_prog_cc_c_o=yes
lt_cv_ar_at_file=@
lt_cv_archive_cmds_need_lc=no
lt_cv_deplibs_check_method=pass_all
lt_cv_file_magic_cmd='$MAGIC_CMD'
lt_cv_file_magic_test_file=
lt_cv_ld_reload_flag=-r
lt_cv_nm_interface='BSD nm'
lt_cv_objdir=.libs
lt_cv_path_LD=/usr/bin/ld
lt_cv_path_NM='/usr/bin/nm -B'
lt_cv_path_mainfest_tool=no
lt_cv_prog_compiler_c_o=yes
lt_cv_prog_compiler_pic='-fPIC -DPIC'
lt_cv_prog_compiler_pic_works=yes
lt_cv_prog_compiler_rtti_exceptions=no
lt_cv_prog_compiler_static_works=yes
lt_cv_prog_gnu_ld=yes
lt_cv_sharedlib_from_linklib_cmd='printf %s\n'
lt_cv_shlibpath_overrides_runpath=yes
lt_cv_sys_global_symbol_pipe='sed -n -e '\''s/^.*[	 ]\([ABCDGIRSTW][ABCDGIRSTW]*\)[	 ][	 ]*\([_A-Za-z][_A-Za-z0-9]*\)$/\1 \2 \2/p'\'' | sed '\''/ __gnu_lto/d'\'''
lt_cv_sys_global_symbol_to_c_name_address='sed -n -e '\''s/^: \(.*\) .*$/  {"\1", (void *) 0},/p'\'' -e '\''s/^[ABCDGIRSTW][ABCDGIRSTW]* .* \(.*\)$/  {"\1", (void *) \&\1},/p'\'''
lt_cv_sys_global_symbol_to_c_name_address_lib_prefix='sed -n -e '\''s/^: \(.*\) .*$/  {"\1", (void *) 0},/p'\'' -e '\''s/^[ABCDGIRSTW][ABCDGIRSTW]* .* \(lib.*\)$/  {"\1", (void *) \&\1},/p'\'' -e '\''s/^[ABCDGIRSTW][ABCDGIRSTW]* .* \(.*\)$/  {"lib\1", (void *) \&\1},/p'\'''
lt_cv_sys_global_symbol_to_cdecl='sed -n -e '\''s/^T .* \(.*\)$/extern int \1();/p'\'' -e '\''s/^[ABCDGIRSTW][ABCDGIRSTW]* .* \(.*\)$/extern char \1;/p'\'''
lt_cv_sys_global_symbol_to_import=
lt_cv_sys_max_cmd_len=1572864
lt_cv_to_host_file_cmd=func_convert_file_noop
lt_cv_to_tool_file_cmd=func_convert_file_noop
lt_cv_truncate_bin='/usr/bin/dd bs=4096 count=1'
matio_cv_have_asprintf=yes
matio_cv_have_matlab=no
matio_cv_have_snprintf=yes
matio_cv_have_vasprintf=yes
matio_cv_have_vsnprintf=yes

## ----------------- ##
## Output variables. ##
## ----------------- ##

ACLOCAL='${SHELL} '\''/home/houji/桌面/SP-task/matio-1.5.26/config/missing'\'' aclocal-1.16'
AMTAR='$${TAR-tar}'
AM_BACKSLASH='\'
AM_DEFAULT_V='$(AM_DEFAULT_VERBOSITY)'
AM_DEFAULT_VERBOSITY='1'
AM_V='$(V)'
AR='ar'
AUTOCONF='${SHELL} '\''/home/houji/桌面/SP-task/matio-1.5.26/config/missing'\'' autoconf'
AUTOHEADER='${SHELL} '\''/home/houji/桌面/SP-task/matio-1.5.26/config/missing'\'' autoheader'
AUTOM4TE='autom4te'
AUTOMAKE='${SHELL} '\''/home/houji/桌面/SP-task/matio-1.5.26/config/missing'\'' automake-1.16'
AUTOTEST='$(AUTOM4TE) --language=Autotest'
AWK='gawk'
CC='gcc'
CFLAGS=' -g -O2'
CPPFLAGS=''
CSCOPE='cscope'
CTAGS='ctags'
CYGPATH_W='echo'
DEFS='-DHAVE_CONFIG_H'
DLLTOOL='false'
DSYMUTIL=''
DUMPBIN=''
ECHO_C=''
ECHO_N='-n'
ECHO_T=''
EGREP='/usr/bin/grep -E'
ETAGS='etags'
EXEEXT=''
EXTENDED_SPARSE_FALSE='#'
EXTENDED_SPARSE_TRUE=''
FCLDFLAGS=''
FGREP='/usr/bin/grep -F'
GREP='/usr/bin/grep'
HAVE_HDF5_FALSE=''
HAVE_HDF5_TRUE='#'
HAVE_INT64='1'
HAVE_UINT64='1'
HAVE_ZLIB_FALSE='#'
HAVE_ZLIB_TRUE=''
HDF5_CFLAGS=''
HDF5_LIBS=''
HDF5_REQUIRES_PRIVATE=''
INSTALL_DATA='${INSTALL} -m 644'
INSTALL_PROGRAM='${INSTALL}'
INSTALL_SCRIPT='${INSTALL}'
INSTALL_STRIP_PROGRAM='$(install_sh) -c -s'
IS_WIN32_FALSE=''
IS_WIN32_TRUE='#'
LD='/usr/bin/ld -m elf_x86_64'
LDFLAGS=''
LIBOBJS=''
LIBS='-lm '
LIBTOOL='$(SHELL) $(top_builddir)/libtool'
LINUX_FALSE='#'
LINUX_TRUE=''
LIPO=''
LN_S='ln -s'
LTLIBOBJS=''
LT_CFLAGS=''
LT_LDFLAGS=''
LT_SYS_LIBRARY_PATH=''
MAINT='#'
MAINTAINER_MODE_FALSE=''
MAINTAINER_MODE_TRUE='#'
MAKEINFO='${SHELL} '\''/home/houji/桌面/SP-task/matio-1.5.26/config/missing'\'' makeinfo'
MANIFEST_TOOL=':'
MAT73_FALSE=''
MAT73_TRUE='#'
MATLABEXE=''
MKDIR_P='/usr/bin/mkdir -p'
NEED_GETOPT_FALSE=''
NEED_GETOPT_TRUE='#'
NM='/usr/bin/nm -B'
NMEDIT=''
OBJDUMP='objdump'
OBJEXT='o'
OTOOL64=''
OTOOL=''
PACKAGE='matio'
PACKAGE_BUGREPORT='t-beu@users.sourceforge.net'
PACKAGE_NAME='MATIO'
PACKAGE_RELEASE_DATE='11 November 2023'
PACKAGE_STRING='MATIO 1.5.26'
PACKAGE_TARNAME='matio'
PACKAGE_URL='https://sourceforge.net/projects/matio'
PACKAGE_VERSION='1.5.26'
PATH_SEPARATOR=':'
RANLIB='ranlib'
SED='/usr/bin/sed'
SET_MAKE=''
SHELL='/bin/bash'
SIZEOF_INT='4'
SIZEOF_SIZE_T='8'
SIZEOF_VOID_P='8'
STRIP='strip'
SUN_FALSE=''
SUN_TRUE='#'
VERSION='1.5.26'
WINNT_FALSE=''
WINNT_TRUE='#'
ZLIB_CFLAGS=''
ZLIB_LIBS='-lz'
ZLIB_REQUIRES_PRIVATE='zlib >= 1.2.3'
ac_ct_AR='ar'
ac_ct_CC='gcc'
ac_ct_DUMPBIN=''
am__EXEEXT_FALSE=''
am__EXEEXT_TRUE='#'
am__isrc=''
am__leading_dot='.'
am__tar='$${TAR-tar} chof - "$$tardir"'
am__untar='$${TAR-tar} xf -'
bindir='${exec_prefix}/bin'
build='x86_64-pc-linux-gnu'
build_alias=''
build_cpu='x86_64'
build_os='linux-gnu'
build_vendor='pc'
datadir='${datarootdir}'
datarootdir='${prefix}/share'
docdir='${datarootdir}/doc/${PACKAGE_TARNAME}'
dvidir='${docdir}'
exec_prefix='${prefix}'
host='x86_64-pc-linux-gnu'
host_alias=''
host_cpu='x86_64'
host_os='linux-gnu'
host_vendor='pc'
htmldir='${docdir}'
includedir='${prefix}/include'
infodir='${datarootdir}/info'
install_sh='${SHELL} /home/houji/桌面/SP-task/matio-1.5.26/config/install-sh'
libdir='${exec_prefix}/lib'
libexecdir='${exec_prefix}/libexec'
localedir='${datarootdir}/locale'
localstatedir='${prefix}/var'
mandir='${datarootdir}/man'
mkdir_p='$(MKDIR_P)'
oldincludedir='/usr/include'
pdfdir='${docdir}'
prefix='/usr/local'
program_transform_name='s,x,x,'
psdir='${docdir}'
runstatedir='${localstatedir}/run'
sbindir='${exec_prefix}/sbin'
sharedstatedir='${prefix}/com'
sysconfdir='${prefix}/etc'
target_alias=''

## ----------- ##
## confdefs.h. ##
## ----------- ##

/* confdefs.h */
#define PACKAGE_NAME "MATIO"
#define PACKAGE_TARNAME "matio"
#define PACKAGE_VERSION "1.5.26"
#define PACKAGE_STRING "MATIO 1.5.26"
#define PACKAGE_BUGREPORT "t-beu@users.sourceforge.net"
#define PACKAGE_URL "https://sourceforge.net/projects/matio"
#define PACKAGE "matio"
#define VERSION "1.5.26"
#define MATIO_PLATFORM "x86_64-pc-linux-gnu"
#define MATIO_MAJOR_VERSION 1
#define MATIO_MINOR_VERSION 5
#define MATIO_RELEASE_LEVEL 26
#define MATIO_VERSION 1526
#define MATIO_VERSION_STR "1.5.26"
#define HAVE_STDIO_H 1
#define HAVE_STDLIB_H 1
#define HAVE_STRING_H 1
#define HAVE_INTTYPES_H 1
#define HAVE_STDINT_H 1
#define HAVE_STRINGS_H 1
#define HAVE_SYS_STAT_H 1
#define HAVE_SYS_TYPES_H 1
#define HAVE_UNISTD_H 1
#define HAVE_WCHAR_H 1
#define HAVE_STDARG_H 1
#define STDC_HEADERS 1
#define _ALL_SOURCE 1
#define _DARWIN_C_SOURCE 1
#define _GNU_SOURCE 1
#define _HPUX_ALT_XOPEN_SOCKET_API 1
#define _NETBSD_SOURCE 1
#define _OPENBSD_SOURCE 1
#define _POSIX_PTHREAD_SEMANTICS 1
#define __STDC_WANT_IEC_60559_ATTRIBS_EXT__ 1
#define __STDC_WANT_IEC_60559_BFP_EXT__ 1
#define __STDC_WANT_IEC_60559_DFP_EXT__ 1
#define __STDC_WANT_IEC_60559_FUNCS_EXT__ 1
#define __STDC_WANT_IEC_60559_TYPES_EXT__ 1
#define __STDC_WANT_LIB_EXT2__ 1
#define __STDC_WANT_MATH_SPEC_FUNCS__ 1
#define _TANDEM_SOURCE 1
#define __EXTENSIONS__ 1
#define NODEBUG /**/
#define NODEBUG /**/
#define HAVE_DLFCN_H 1
#define LT_OBJDIR ".libs/"
#define _LARGEFILE64_SOURCE 1
#define _FILE_OFFSET_BITS 64
#define HAVE_FSEEKO 1
#define HAVE_FTELLO 1
#define HAVE_FSEEKO64 1
#define HAVE_FTELLO64 1
#define HAVE_LIBM 1
#define MATIO_HAVE_INTTYPES_H 1
#define MATIO_HAVE_STDINT_H 1
#define HAVE_STRINGS_H 1
#define HAVE_UNISTD_H 1
#define HAVE_LOCALE_H 1
#define HAVE_STDDEF_H 1
#define HAVE_STRUCT_LCONV_DECIMAL_POINT 1
#define HAVE_STRUCT_LCONV_THOUSANDS_SEP 1
#define HAVE_PTRDIFF_T 1
#define HAVE_LOCALECONV 1
#define SIZEOF_DOUBLE 8
#define SIZEOF_FLOAT 4
#define SIZEOF_LONG_LONG 8
#define SIZEOF_LONG 8
#define SIZEOF_INT 4
#define SIZEOF_SHORT 2
#define SIZEOF_CHAR 1
#define SIZEOF_VOID_P 8
#define SIZEOF_OFF_T 8
#define SIZEOF_SIZE_T 8
#define HAVE_MAT_INT64_T /**/
#define _mat_int64_t int64_t
#define HAVE_MAT_UINT64_T /**/
#define _mat_uint64_t uint64_t
#define HAVE_MAT_INT32_T /**/
#define _mat_int32_t int32_t
#define HAVE_MAT_UINT32_T /**/
#define _mat_uint32_t uint32_t
#define HAVE_MAT_INT16_T /**/
#define _mat_int16_t int16_t
#define HAVE_MAT_UINT16_T /**/
#define _mat_uint16_t uint16_t
#define HAVE_MAT_INT8_T /**/
#define _mat_int8_t int8_t
#define HAVE_MAT_UINT8_T /**/
#define _mat_uint8_t uint8_t
#define HAVE_OFF64_T /**/
#define HAVE_LONG_DOUBLE 1
#define HAVE_UNSIGNED_LONG_LONG_INT 1
#define HAVE_LONG_LONG_INT 1
#define HAVE_UNSIGNED_LONG_LONG_INT 1
#define HAVE_INTMAX_T 1
#define HAVE_UINTMAX_T 1
#define HAVE_UINTPTR_T 1
#define HAVE_VA_COPY 1
#define __VA_COPY_USE __VA_COPY_USE_C99
#define HAVE_VSNPRINTF 1
#define HAVE_SNPRINTF 1
#define HAVE_VASPRINTF 1
#define HAVE_ASPRINTF 1
#define HAVE_ZLIB 1
#define MAT_FT_DEFAULT MAT_FT_MAT5
#define EXTENDED_SPARSE /**/
#define LINUX /**/

configure: exit 0
